2026-04-10 05:36:31 +00:00: [VAULT] Loaded saved tokens from disk (legacy)
2026-04-10 05:36:31 +00:00: [INFO] LAMY Core Engine — standby mode.
2026-04-10 05:36:31 +00:00: [BRAIN] Loaded brain data. IQ: 110400 Gen: 10512
2026-04-10 05:36:31 +00:00: [LAMY] M3R-LAMY v3.0 Neural Brain initialized --- All systems active
2026-04-10 05:36:31 +00:00: [AUTO-TRADE] Mode restored from vault: ENABLED
2026-04-10 05:36:31 +00:00: [BRAIN DB] Loaded brain from database. IQ: 110400 Gen: 10512
2026-04-10 05:36:31 +00:00: [VAULT] PIN loaded from database
2026-04-10 05:36:32 +00:00: [BRAIN ENGINE] 24/7 Self-Improvement Engine STARTED - Learning every 5 seconds
2026-04-10 05:40:04 +00:00: [VAULT] Loaded saved tokens from disk (legacy)
2026-04-10 05:40:04 +00:00: [INFO] LAMY Core Engine — standby mode.
2026-04-10 05:40:04 +00:00: [BRAIN] Loaded brain data. IQ: 110416.8 Gen: 10514
2026-04-10 05:40:04 +00:00: [LAMY] M3R-LAMY v3.0 Neural Brain initialized --- All systems active
2026-04-10 05:40:04 +00:00: [AUTO-TRADE] Mode restored from vault: ENABLED
2026-04-10 05:40:04 +00:00: [VAULT] PIN loaded from database
2026-04-10 05:40:04 +00:00: [BRAIN DB] Loaded brain from database. IQ: 110416.8 Gen: 10514
2026-04-10 05:40:05 +00:00: [BRAIN ENGINE] 24/7 Self-Improvement Engine STARTED - Learning every 5 seconds
2026-04-10 05:41:59 +00:00: [VAULT] Loaded saved tokens from disk (legacy)
2026-04-10 05:41:59 +00:00: [INFO] LAMY Core Engine — standby mode.
2026-04-10 05:41:59 +00:00: [BRAIN] Loaded brain data. IQ: 110425.6 Gen: 10515
2026-04-10 05:41:59 +00:00: [LAMY] M3R-LAMY v3.0 Neural Brain initialized --- All systems active
2026-04-10 05:41:59 +00:00: [AUTO-TRADE] Mode restored from vault: ENABLED
2026-04-10 05:41:59 +00:00: [VAULT] PIN loaded from database
2026-04-10 05:41:59 +00:00: [BRAIN DB] Loaded brain from database. IQ: 110425.6 Gen: 10515
2026-04-10 05:42:00 +00:00: [BRAIN ENGINE] 24/7 Self-Improvement Engine STARTED - Learning every 5 seconds
2026-04-10 05:45:04 +00:00: [VAULT] Loaded saved tokens from disk (legacy)
2026-04-10 05:45:04 +00:00: [INFO] LAMY Core Engine — standby mode.
2026-04-10 05:45:04 +00:00: [BRAIN] Loaded brain data. IQ: 110440 Gen: 10516
2026-04-10 05:45:04 +00:00: [LAMY] M3R-LAMY v3.0 Neural Brain initialized --- All systems active
2026-04-10 05:45:04 +00:00: [AUTO-TRADE] Mode restored from vault: ENABLED
2026-04-10 05:45:04 +00:00: [BRAIN DB] Loaded brain from database. IQ: 110440 Gen: 10516
2026-04-10 05:45:04 +00:00: [VAULT] PIN loaded from database
2026-04-10 05:45:05 +00:00: [BRAIN ENGINE] 24/7 Self-Improvement Engine STARTED - Learning every 5 seconds
2026-04-10 05:48:14 +00:00: [VAULT] Loaded saved tokens from disk (legacy)
2026-04-10 05:48:14 +00:00: [INFO] LAMY Core Engine — standby mode.
2026-04-10 05:48:14 +00:00: [BRAIN] Loaded brain data. IQ: 110454.9 Gen: 10518
2026-04-10 05:48:14 +00:00: [LAMY] M3R-LAMY v3.0 Neural Brain initialized --- All systems active
2026-04-10 05:48:14 +00:00: [AUTO-TRADE] Mode restored from vault: ENABLED
2026-04-10 05:48:14 +00:00: [BRAIN DB] Loaded brain from database. IQ: 110454.9 Gen: 10518
2026-04-10 05:48:14 +00:00: [VAULT] PIN loaded from database
2026-04-10 05:48:15 +00:00: [BRAIN ENGINE] 24/7 Self-Improvement Engine STARTED - Learning every 5 seconds
2026-04-10 05:50:04 +00:00: [VAULT] Loaded saved tokens from disk (legacy)
2026-04-10 05:50:04 +00:00: [INFO] LAMY Core Engine — standby mode.
2026-04-10 05:50:04 +00:00: [BRAIN] Loaded brain data. IQ: 110463.5 Gen: 10519
2026-04-10 05:50:04 +00:00: [LAMY] M3R-LAMY v3.0 Neural Brain initialized --- All systems active
2026-04-10 05:50:04 +00:00: [AUTO-TRADE] Mode restored from vault: ENABLED
2026-04-10 05:50:04 +00:00: [VAULT] PIN loaded from database
2026-04-10 05:50:04 +00:00: [BRAIN DB] Loaded brain from database. IQ: 110463.5 Gen: 10519
2026-04-10 05:50:05 +00:00: [BRAIN ENGINE] 24/7 Self-Improvement Engine STARTED - Learning every 5 seconds
2026-04-10 05:52:26 +00:00: [VAULT] Loaded saved tokens from disk (legacy)
2026-04-10 05:52:26 +00:00: [INFO] LAMY Core Engine — standby mode.
2026-04-10 05:52:26 +00:00: [BRAIN] Loaded brain data. IQ: 110474.1 Gen: 10520
2026-04-10 05:52:26 +00:00: [LAMY] M3R-LAMY v3.0 Neural Brain initialized --- All systems active
2026-04-10 05:52:26 +00:00: [AUTO-TRADE] Mode restored from vault: ENABLED
2026-04-10 05:52:26 +00:00: [VAULT] PIN loaded from database
2026-04-10 05:52:26 +00:00: [BRAIN DB] Loaded brain from database. IQ: 110474.1 Gen: 10520
2026-04-10 05:52:27 +00:00: [BRAIN ENGINE] 24/7 Self-Improvement Engine STARTED - Learning every 5 seconds
2026-04-10 05:55:04 +00:00: [VAULT] Loaded saved tokens from disk (legacy)
2026-04-10 05:55:04 +00:00: [INFO] LAMY Core Engine — standby mode.
2026-04-10 05:55:04 +00:00: [BRAIN] Loaded brain data. IQ: 110485.7 Gen: 10521
2026-04-10 05:55:04 +00:00: [LAMY] M3R-LAMY v3.0 Neural Brain initialized --- All systems active
2026-04-10 05:55:04 +00:00: [AUTO-TRADE] Mode restored from vault: ENABLED
2026-04-10 05:55:04 +00:00: [VAULT] PIN loaded from database
2026-04-10 05:55:04 +00:00: [BRAIN DB] Loaded brain from database. IQ: 110485.7 Gen: 10521
2026-04-10 05:55:05 +00:00: [BRAIN ENGINE] 24/7 Self-Improvement Engine STARTED - Learning every 5 seconds
2026-04-10 05:56:28 +00:00: [VAULT] Loaded saved tokens from disk (legacy)
2026-04-10 05:56:28 +00:00: [INFO] LAMY Core Engine — standby mode.
2026-04-10 05:56:28 +00:00: [BRAIN] Loaded brain data. IQ: 110492 Gen: 10522
2026-04-10 05:56:28 +00:00: [LAMY] M3R-LAMY v3.0 Neural Brain initialized --- All systems active
2026-04-10 05:56:28 +00:00: [AUTO-TRADE] Mode restored from vault: ENABLED
2026-04-10 05:56:28 +00:00: [BRAIN DB] Loaded brain from database. IQ: 110492 Gen: 10522
2026-04-10 05:56:28 +00:00: [VAULT] PIN loaded from database
2026-04-10 05:56:29 +00:00: [BRAIN ENGINE] 24/7 Self-Improvement Engine STARTED - Learning every 5 seconds
2026-04-10 06:00:05 +00:00: [VAULT] Loaded saved tokens from disk (legacy)
2026-04-10 06:00:05 +00:00: [INFO] LAMY Core Engine — standby mode.
2026-04-10 06:00:05 +00:00: [BRAIN] Loaded brain data. IQ: 110508.5 Gen: 10524
2026-04-10 06:00:05 +00:00: [LAMY] M3R-LAMY v3.0 Neural Brain initialized --- All systems active
2026-04-10 06:00:05 +00:00: [AUTO-TRADE] Mode restored from vault: ENABLED
2026-04-10 06:00:05 +00:00: [VAULT] PIN loaded from database
2026-04-10 06:00:05 +00:00: [BRAIN DB] Loaded brain from database. IQ: 110508.5 Gen: 10524
2026-04-10 06:00:06 +00:00: [BRAIN ENGINE] 24/7 Self-Improvement Engine STARTED - Learning every 5 seconds
2026-04-10 06:05:04 +00:00: [VAULT] Loaded saved tokens from disk (legacy)
2026-04-10 06:05:04 +00:00: [INFO] LAMY Core Engine — standby mode.
2026-04-10 06:05:04 +00:00: [BRAIN] Loaded brain data. IQ: 110532.3 Gen: 10526
2026-04-10 06:05:04 +00:00: [LAMY] M3R-LAMY v3.0 Neural Brain initialized --- All systems active
2026-04-10 06:05:04 +00:00: [AUTO-TRADE] Mode restored from vault: ENABLED
2026-04-10 06:05:04 +00:00: [BRAIN DB] Loaded brain from database. IQ: 110532.3 Gen: 10526
2026-04-10 06:05:04 +00:00: [VAULT] PIN loaded from database
2026-04-10 06:05:05 +00:00: [BRAIN ENGINE] 24/7 Self-Improvement Engine STARTED - Learning every 5 seconds
2026-04-10 06:10:04 +00:00: [VAULT] Loaded saved tokens from disk (legacy)
2026-04-10 06:10:04 +00:00: [INFO] LAMY Core Engine — standby mode.
2026-04-10 06:10:04 +00:00: [BRAIN] Loaded brain data. IQ: 110555.4 Gen: 10528
2026-04-10 06:10:04 +00:00: [LAMY] M3R-LAMY v3.0 Neural Brain initialized --- All systems active
2026-04-10 06:10:04 +00:00: [AUTO-TRADE] Mode restored from vault: ENABLED
2026-04-10 06:10:04 +00:00: [BRAIN DB] Loaded brain from database. IQ: 110555.4 Gen: 10528
2026-04-10 06:10:04 +00:00: [VAULT] PIN loaded from database
2026-04-10 06:10:05 +00:00: [BRAIN ENGINE] 24/7 Self-Improvement Engine STARTED - Learning every 5 seconds
2026-04-10 06:15:05 +00:00: [VAULT] Loaded saved tokens from disk (legacy)
2026-04-10 06:15:05 +00:00: [INFO] LAMY Core Engine — standby mode.
2026-04-10 06:15:05 +00:00: [BRAIN] Loaded brain data. IQ: 110579.2 Gen: 10531
2026-04-10 06:15:05 +00:00: [LAMY] M3R-LAMY v3.0 Neural Brain initialized --- All systems active
2026-04-10 06:15:05 +00:00: [AUTO-TRADE] Mode restored from vault: ENABLED
2026-04-10 06:15:05 +00:00: [BRAIN DB] Loaded brain from database. IQ: 110579.2 Gen: 10531
2026-04-10 06:15:05 +00:00: [VAULT] PIN loaded from database
2026-04-10 06:15:06 +00:00: [BRAIN ENGINE] 24/7 Self-Improvement Engine STARTED - Learning every 5 seconds
2026-04-10 06:20:03 +00:00: [VAULT] Loaded saved tokens from disk (legacy)
2026-04-10 06:20:03 +00:00: [INFO] LAMY Core Engine — standby mode.
2026-04-10 06:20:03 +00:00: [BRAIN] Loaded brain data. IQ: 110602.9 Gen: 10533
2026-04-10 06:20:03 +00:00: [LAMY] M3R-LAMY v3.0 Neural Brain initialized --- All systems active
2026-04-10 06:20:03 +00:00: [AUTO-TRADE] Mode restored from vault: ENABLED
2026-04-10 06:20:03 +00:00: [VAULT] PIN loaded from database
2026-04-10 06:20:03 +00:00: [BRAIN DB] Loaded brain from database. IQ: 110602.9 Gen: 10533
2026-04-10 06:20:04 +00:00: [BRAIN ENGINE] 24/7 Self-Improvement Engine STARTED - Learning every 5 seconds
2026-04-10 06:25:05 +00:00: [VAULT] Loaded saved tokens from disk (legacy)
2026-04-10 06:25:05 +00:00: [INFO] LAMY Core Engine — standby mode.
2026-04-10 06:25:05 +00:00: [BRAIN] Loaded brain data. IQ: 110625.1 Gen: 10536
2026-04-10 06:25:05 +00:00: [LAMY] M3R-LAMY v3.0 Neural Brain initialized --- All systems active
2026-04-10 06:25:05 +00:00: [AUTO-TRADE] Mode restored from vault: ENABLED
2026-04-10 06:25:05 +00:00: [BRAIN DB] Loaded brain from database. IQ: 110625.1 Gen: 10536
2026-04-10 06:25:05 +00:00: [VAULT] PIN loaded from database
2026-04-10 06:25:06 +00:00: [BRAIN ENGINE] 24/7 Self-Improvement Engine STARTED - Learning every 5 seconds
2026-04-10 06:30:04 +00:00: [VAULT] Loaded saved tokens from disk (legacy)
2026-04-10 06:30:04 +00:00: [INFO] LAMY Core Engine — standby mode.
2026-04-10 06:30:04 +00:00: [BRAIN] Loaded brain data. IQ: 110647.2 Gen: 10538
2026-04-10 06:30:04 +00:00: [LAMY] M3R-LAMY v3.0 Neural Brain initialized --- All systems active
2026-04-10 06:30:04 +00:00: [AUTO-TRADE] Mode restored from vault: ENABLED
2026-04-10 06:30:04 +00:00: [BRAIN DB] Loaded brain from database. IQ: 110647.2 Gen: 10538
2026-04-10 06:30:04 +00:00: [VAULT] PIN loaded from database
2026-04-10 06:30:05 +00:00: [BRAIN ENGINE] 24/7 Self-Improvement Engine STARTED - Learning every 5 seconds
2026-04-10 06:35:04 +00:00: [VAULT] Loaded saved tokens from disk (legacy)
2026-04-10 06:35:04 +00:00: [INFO] LAMY Core Engine — standby mode.
2026-04-10 06:35:04 +00:00: [BRAIN] Loaded brain data. IQ: 110670.6 Gen: 10540
2026-04-10 06:35:04 +00:00: [LAMY] M3R-LAMY v3.0 Neural Brain initialized --- All systems active
2026-04-10 06:35:04 +00:00: [AUTO-TRADE] Mode restored from vault: ENABLED
2026-04-10 06:35:05 +00:00: [VAULT] PIN loaded from database
2026-04-10 06:35:05 +00:00: [BRAIN DB] Loaded brain from database. IQ: 110670.6 Gen: 10540
2026-04-10 06:35:05 +00:00: [BRAIN ENGINE] 24/7 Self-Improvement Engine STARTED - Learning every 5 seconds
2026-04-10 06:40:04 +00:00: [VAULT] Loaded saved tokens from disk (legacy)
2026-04-10 06:40:04 +00:00: [INFO] LAMY Core Engine — standby mode.
2026-04-10 06:40:04 +00:00: [BRAIN] Loaded brain data. IQ: 110693.6 Gen: 10543
2026-04-10 06:40:04 +00:00: [LAMY] M3R-LAMY v3.0 Neural Brain initialized --- All systems active
2026-04-10 06:40:04 +00:00: [AUTO-TRADE] Mode restored from vault: ENABLED
2026-04-10 06:40:04 +00:00: [VAULT] PIN loaded from database
2026-04-10 06:40:04 +00:00: [BRAIN DB] Loaded brain from database. IQ: 110693.6 Gen: 10543
2026-04-10 06:40:05 +00:00: [BRAIN ENGINE] 24/7 Self-Improvement Engine STARTED - Learning every 5 seconds
2026-04-10 06:45:04 +00:00: [VAULT] Loaded saved tokens from disk (legacy)
2026-04-10 06:45:04 +00:00: [INFO] LAMY Core Engine — standby mode.
2026-04-10 06:45:04 +00:00: [BRAIN] Loaded brain data. IQ: 110717.3 Gen: 10545
2026-04-10 06:45:04 +00:00: [LAMY] M3R-LAMY v3.0 Neural Brain initialized --- All systems active
2026-04-10 06:45:04 +00:00: [AUTO-TRADE] Mode restored from vault: ENABLED
2026-04-10 06:45:04 +00:00: [BRAIN DB] Loaded brain from database. IQ: 110717.3 Gen: 10545
2026-04-10 06:45:04 +00:00: [VAULT] PIN loaded from database
2026-04-10 06:45:05 +00:00: [BRAIN ENGINE] 24/7 Self-Improvement Engine STARTED - Learning every 5 seconds
2026-04-10 06:50:03 +00:00: [VAULT] Loaded saved tokens from disk (legacy)
2026-04-10 06:50:03 +00:00: [INFO] LAMY Core Engine — standby mode.
2026-04-10 06:50:03 +00:00: [BRAIN] Loaded brain data. IQ: 110742.3 Gen: 10548
2026-04-10 06:50:03 +00:00: [LAMY] M3R-LAMY v3.0 Neural Brain initialized --- All systems active
2026-04-10 06:50:03 +00:00: [AUTO-TRADE] Mode restored from vault: ENABLED
2026-04-10 06:50:03 +00:00: [BRAIN DB] Loaded brain from database. IQ: 110742.3 Gen: 10548
2026-04-10 06:50:03 +00:00: [VAULT] PIN loaded from database
2026-04-10 06:50:04 +00:00: [BRAIN ENGINE] 24/7 Self-Improvement Engine STARTED - Learning every 5 seconds
2026-04-10 06:55:04 +00:00: [VAULT] Loaded saved tokens from disk (legacy)
2026-04-10 06:55:04 +00:00: [INFO] LAMY Core Engine — standby mode.
2026-04-10 06:55:04 +00:00: [BRAIN] Loaded brain data. IQ: 110765.1 Gen: 10550
2026-04-10 06:55:04 +00:00: [LAMY] M3R-LAMY v3.0 Neural Brain initialized --- All systems active
2026-04-10 06:55:04 +00:00: [AUTO-TRADE] Mode restored from vault: ENABLED
2026-04-10 06:55:04 +00:00: [BRAIN DB] Loaded brain from database. IQ: 110765.1 Gen: 10550
2026-04-10 06:55:04 +00:00: [VAULT] PIN loaded from database
2026-04-10 06:55:05 +00:00: [BRAIN ENGINE] 24/7 Self-Improvement Engine STARTED - Learning every 5 seconds
2026-04-10 07:00:05 +00:00: [VAULT] Loaded saved tokens from disk (legacy)
2026-04-10 07:00:05 +00:00: [INFO] LAMY Core Engine — standby mode.
2026-04-10 07:00:05 +00:00: [BRAIN] Loaded brain data. IQ: 110789.1 Gen: 10552
2026-04-10 07:00:05 +00:00: [LAMY] M3R-LAMY v3.0 Neural Brain initialized --- All systems active
2026-04-10 07:00:05 +00:00: [AUTO-TRADE] Mode restored from vault: ENABLED
2026-04-10 07:00:05 +00:00: [BRAIN DB] Loaded brain from database. IQ: 110789.1 Gen: 10552
2026-04-10 07:00:05 +00:00: [VAULT] PIN loaded from database
2026-04-10 07:00:06 +00:00: [BRAIN ENGINE] 24/7 Self-Improvement Engine STARTED - Learning every 5 seconds
2026-04-10 07:05:04 +00:00: [VAULT] Loaded saved tokens from disk (legacy)
2026-04-10 07:05:04 +00:00: [INFO] LAMY Core Engine — standby mode.
2026-04-10 07:05:04 +00:00: [BRAIN] Loaded brain data. IQ: 110811.8 Gen: 10555
2026-04-10 07:05:04 +00:00: [LAMY] M3R-LAMY v3.0 Neural Brain initialized --- All systems active
2026-04-10 07:05:04 +00:00: [AUTO-TRADE] Mode restored from vault: ENABLED
2026-04-10 07:05:04 +00:00: [BRAIN DB] Loaded brain from database. IQ: 110811.8 Gen: 10555
2026-04-10 07:05:04 +00:00: [VAULT] PIN loaded from database
2026-04-10 07:05:05 +00:00: [BRAIN ENGINE] 24/7 Self-Improvement Engine STARTED - Learning every 5 seconds
2026-04-10 07:10:04 +00:00: [VAULT] Loaded saved tokens from disk (legacy)
2026-04-10 07:10:04 +00:00: [INFO] LAMY Core Engine — standby mode.
2026-04-10 07:10:04 +00:00: [BRAIN] Loaded brain data. IQ: 110834.9 Gen: 10557
2026-04-10 07:10:04 +00:00: [LAMY] M3R-LAMY v3.0 Neural Brain initialized --- All systems active
2026-04-10 07:10:04 +00:00: [AUTO-TRADE] Mode restored from vault: ENABLED
2026-04-10 07:10:05 +00:00: [BRAIN DB] Loaded brain from database. IQ: 110834.9 Gen: 10557
2026-04-10 07:10:05 +00:00: [VAULT] PIN loaded from database
2026-04-10 07:10:05 +00:00: [BRAIN ENGINE] 24/7 Self-Improvement Engine STARTED - Learning every 5 seconds
2026-04-10 07:15:03 +00:00: [VAULT] Loaded saved tokens from disk (legacy)
2026-04-10 07:15:03 +00:00: [INFO] LAMY Core Engine — standby mode.
2026-04-10 07:15:03 +00:00: [BRAIN] Loaded brain data. IQ: 110858.8 Gen: 10560
2026-04-10 07:15:03 +00:00: [LAMY] M3R-LAMY v3.0 Neural Brain initialized --- All systems active
2026-04-10 07:15:03 +00:00: [AUTO-TRADE] Mode restored from vault: ENABLED
2026-04-10 07:15:03 +00:00: [VAULT] PIN loaded from database
2026-04-10 07:15:03 +00:00: [BRAIN DB] Loaded brain from database. IQ: 110858.8 Gen: 10560
2026-04-10 07:15:04 +00:00: [BRAIN ENGINE] 24/7 Self-Improvement Engine STARTED - Learning every 5 seconds
2026-04-10 07:20:03 +00:00: [VAULT] Loaded saved tokens from disk (legacy)
2026-04-10 07:20:03 +00:00: [INFO] LAMY Core Engine — standby mode.
2026-04-10 07:20:03 +00:00: [BRAIN] Loaded brain data. IQ: 110881.8 Gen: 10562
2026-04-10 07:20:03 +00:00: [LAMY] M3R-LAMY v3.0 Neural Brain initialized --- All systems active
2026-04-10 07:20:03 +00:00: [AUTO-TRADE] Mode restored from vault: ENABLED
2026-04-10 07:20:03 +00:00: [BRAIN DB] Loaded brain from database. IQ: 110881.8 Gen: 10562
2026-04-10 07:20:03 +00:00: [VAULT] PIN loaded from database
2026-04-10 07:20:04 +00:00: [BRAIN ENGINE] 24/7 Self-Improvement Engine STARTED - Learning every 5 seconds
2026-04-10 07:25:04 +00:00: [VAULT] Loaded saved tokens from disk (legacy)
2026-04-10 07:25:04 +00:00: [INFO] LAMY Core Engine — standby mode.
2026-04-10 07:25:04 +00:00: [BRAIN] Loaded brain data. IQ: 110904.5 Gen: 10564
2026-04-10 07:25:04 +00:00: [LAMY] M3R-LAMY v3.0 Neural Brain initialized --- All systems active
2026-04-10 07:25:04 +00:00: [AUTO-TRADE] Mode restored from vault: ENABLED
2026-04-10 07:25:04 +00:00: [BRAIN DB] Loaded brain from database. IQ: 110904.5 Gen: 10564
2026-04-10 07:25:04 +00:00: [VAULT] PIN loaded from database
2026-04-10 07:25:05 +00:00: [BRAIN ENGINE] 24/7 Self-Improvement Engine STARTED - Learning every 5 seconds
2026-04-10 07:30:05 +00:00: [VAULT] Loaded saved tokens from disk (legacy)
2026-04-10 07:30:05 +00:00: [INFO] LAMY Core Engine — standby mode.
2026-04-10 07:30:05 +00:00: [BRAIN] Loaded brain data. IQ: 110929 Gen: 10567
2026-04-10 07:30:05 +00:00: [LAMY] M3R-LAMY v3.0 Neural Brain initialized --- All systems active
2026-04-10 07:30:05 +00:00: [AUTO-TRADE] Mode restored from vault: ENABLED
2026-04-10 07:30:05 +00:00: [VAULT] PIN loaded from database
2026-04-10 07:30:05 +00:00: [BRAIN DB] Loaded brain from database. IQ: 110929 Gen: 10567
2026-04-10 07:30:06 +00:00: [BRAIN ENGINE] 24/7 Self-Improvement Engine STARTED - Learning every 5 seconds
2026-04-10 07:35:03 +00:00: [VAULT] Loaded saved tokens from disk (legacy)
2026-04-10 07:35:03 +00:00: [INFO] LAMY Core Engine — standby mode.
2026-04-10 07:35:03 +00:00: [BRAIN] Loaded brain data. IQ: 110951.5 Gen: 10569
2026-04-10 07:35:03 +00:00: [LAMY] M3R-LAMY v3.0 Neural Brain initialized --- All systems active
2026-04-10 07:35:03 +00:00: [AUTO-TRADE] Mode restored from vault: ENABLED
2026-04-10 07:35:03 +00:00: [VAULT] PIN loaded from database
2026-04-10 07:35:03 +00:00: [BRAIN DB] Loaded brain from database. IQ: 110951.5 Gen: 10569
2026-04-10 07:35:04 +00:00: [BRAIN ENGINE] 24/7 Self-Improvement Engine STARTED - Learning every 5 seconds
2026-04-10 07:40:03 +00:00: [VAULT] Loaded saved tokens from disk (legacy)
2026-04-10 07:40:03 +00:00: [INFO] LAMY Core Engine — standby mode.
2026-04-10 07:40:03 +00:00: [BRAIN] Loaded brain data. IQ: 110976.4 Gen: 10572
2026-04-10 07:40:03 +00:00: [LAMY] M3R-LAMY v3.0 Neural Brain initialized --- All systems active
2026-04-10 07:40:03 +00:00: [AUTO-TRADE] Mode restored from vault: ENABLED
2026-04-10 07:40:04 +00:00: [BRAIN DB] Loaded brain from database. IQ: 110976.4 Gen: 10572
2026-04-10 07:40:04 +00:00: [VAULT] PIN loaded from database
2026-04-10 07:40:04 +00:00: [BRAIN ENGINE] 24/7 Self-Improvement Engine STARTED - Learning every 5 seconds
2026-04-10 07:45:04 +00:00: [VAULT] Loaded saved tokens from disk (legacy)
2026-04-10 07:45:04 +00:00: [INFO] LAMY Core Engine — standby mode.
2026-04-10 07:45:04 +00:00: [BRAIN] Loaded brain data. IQ: 111000 Gen: 10574
2026-04-10 07:45:04 +00:00: [LAMY] M3R-LAMY v3.0 Neural Brain initialized --- All systems active
2026-04-10 07:45:04 +00:00: [AUTO-TRADE] Mode restored from vault: ENABLED
2026-04-10 07:45:04 +00:00: [BRAIN DB] Loaded brain from database. IQ: 111000 Gen: 10574
2026-04-10 07:45:04 +00:00: [VAULT] PIN loaded from database
2026-04-10 07:45:05 +00:00: [BRAIN ENGINE] 24/7 Self-Improvement Engine STARTED - Learning every 5 seconds
2026-04-10 07:50:04 +00:00: [VAULT] Loaded saved tokens from disk (legacy)
2026-04-10 07:50:04 +00:00: [INFO] LAMY Core Engine — standby mode.
2026-04-10 07:50:04 +00:00: [BRAIN] Loaded brain data. IQ: 111022.4 Gen: 10576
2026-04-10 07:50:04 +00:00: [LAMY] M3R-LAMY v3.0 Neural Brain initialized --- All systems active
2026-04-10 07:50:04 +00:00: [AUTO-TRADE] Mode restored from vault: ENABLED
2026-04-10 07:50:04 +00:00: [BRAIN DB] Loaded brain from database. IQ: 111022.4 Gen: 10576
2026-04-10 07:50:04 +00:00: [VAULT] PIN loaded from database
2026-04-10 07:50:05 +00:00: [BRAIN ENGINE] 24/7 Self-Improvement Engine STARTED - Learning every 5 seconds
2026-04-10 07:55:04 +00:00: [VAULT] Loaded saved tokens from disk (legacy)
2026-04-10 07:55:04 +00:00: [INFO] LAMY Core Engine — standby mode.
2026-04-10 07:55:04 +00:00: [BRAIN] Loaded brain data. IQ: 111046.8 Gen: 10579
2026-04-10 07:55:04 +00:00: [LAMY] M3R-LAMY v3.0 Neural Brain initialized --- All systems active
2026-04-10 07:55:04 +00:00: [AUTO-TRADE] Mode restored from vault: ENABLED
2026-04-10 07:55:04 +00:00: [BRAIN DB] Loaded brain from database. IQ: 111046.8 Gen: 10579
2026-04-10 07:55:04 +00:00: [VAULT] PIN loaded from database
2026-04-10 07:55:05 +00:00: [BRAIN ENGINE] 24/7 Self-Improvement Engine STARTED - Learning every 5 seconds
2026-04-10 08:00:05 +00:00: [VAULT] Loaded saved tokens from disk (legacy)
2026-04-10 08:00:05 +00:00: [INFO] LAMY Core Engine — standby mode.
2026-04-10 08:00:05 +00:00: [BRAIN] Loaded brain data. IQ: 111069.8 Gen: 10581
2026-04-10 08:00:05 +00:00: [LAMY] M3R-LAMY v3.0 Neural Brain initialized --- All systems active
2026-04-10 08:00:05 +00:00: [AUTO-TRADE] Mode restored from vault: ENABLED
2026-04-10 08:00:05 +00:00: [BRAIN DB] Loaded brain from database. IQ: 111069.8 Gen: 10581
2026-04-10 08:00:05 +00:00: [VAULT] PIN loaded from database
2026-04-10 08:00:06 +00:00: [BRAIN ENGINE] 24/7 Self-Improvement Engine STARTED - Learning every 5 seconds
2026-04-10 08:05:04 +00:00: [VAULT] Loaded saved tokens from disk (legacy)
2026-04-10 08:05:04 +00:00: [INFO] LAMY Core Engine — standby mode.
2026-04-10 08:05:04 +00:00: [BRAIN] Loaded brain data. IQ: 111093.3 Gen: 10584
2026-04-10 08:05:04 +00:00: [LAMY] M3R-LAMY v3.0 Neural Brain initialized --- All systems active
2026-04-10 08:05:04 +00:00: [AUTO-TRADE] Mode restored from vault: ENABLED
2026-04-10 08:05:04 +00:00: [VAULT] PIN loaded from database
2026-04-10 08:05:04 +00:00: [BRAIN DB] Loaded brain from database. IQ: 111093.3 Gen: 10584
2026-04-10 08:05:05 +00:00: [BRAIN ENGINE] 24/7 Self-Improvement Engine STARTED - Learning every 5 seconds
2026-04-10 08:10:04 +00:00: [VAULT] Loaded saved tokens from disk (legacy)
2026-04-10 08:10:04 +00:00: [INFO] LAMY Core Engine — standby mode.
2026-04-10 08:10:04 +00:00: [BRAIN] Loaded brain data. IQ: 111116.4 Gen: 10586
2026-04-10 08:10:04 +00:00: [LAMY] M3R-LAMY v3.0 Neural Brain initialized --- All systems active
2026-04-10 08:10:04 +00:00: [AUTO-TRADE] Mode restored from vault: ENABLED
2026-04-10 08:10:04 +00:00: [BRAIN DB] Loaded brain from database. IQ: 111116.4 Gen: 10586
2026-04-10 08:10:04 +00:00: [VAULT] PIN loaded from database
2026-04-10 08:10:05 +00:00: [BRAIN ENGINE] 24/7 Self-Improvement Engine STARTED - Learning every 5 seconds
2026-04-10 08:15:04 +00:00: [VAULT] Loaded saved tokens from disk (legacy)
2026-04-10 08:15:04 +00:00: [INFO] LAMY Core Engine — standby mode.
2026-04-10 08:15:04 +00:00: [BRAIN] Loaded brain data. IQ: 111140.7 Gen: 10588
2026-04-10 08:15:04 +00:00: [LAMY] M3R-LAMY v3.0 Neural Brain initialized --- All systems active
2026-04-10 08:15:04 +00:00: [AUTO-TRADE] Mode restored from vault: ENABLED
2026-04-10 08:15:04 +00:00: [VAULT] PIN loaded from database
2026-04-10 08:15:04 +00:00: [BRAIN DB] Loaded brain from database. IQ: 111140.7 Gen: 10588
2026-04-10 08:15:05 +00:00: [BRAIN ENGINE] 24/7 Self-Improvement Engine STARTED - Learning every 5 seconds
2026-04-10 08:20:04 +00:00: [VAULT] Loaded saved tokens from disk (legacy)
2026-04-10 08:20:04 +00:00: [INFO] LAMY Core Engine — standby mode.
2026-04-10 08:20:05 +00:00: [BRAIN] Loaded brain data. IQ: 111164.3 Gen: 10591
2026-04-10 08:20:05 +00:00: [LAMY] M3R-LAMY v3.0 Neural Brain initialized --- All systems active
2026-04-10 08:20:05 +00:00: [AUTO-TRADE] Mode restored from vault: ENABLED
2026-04-10 08:20:05 +00:00: [VAULT] PIN loaded from database
2026-04-10 08:20:05 +00:00: [BRAIN DB] Loaded brain from database. IQ: 111164.3 Gen: 10591
2026-04-10 08:20:05 +00:00: [BRAIN ENGINE] 24/7 Self-Improvement Engine STARTED - Learning every 5 seconds
2026-04-10 08:25:03 +00:00: [VAULT] Loaded saved tokens from disk (legacy)
2026-04-10 08:25:03 +00:00: [INFO] LAMY Core Engine — standby mode.
2026-04-10 08:25:03 +00:00: [BRAIN] Loaded brain data. IQ: 111187.2 Gen: 10593
2026-04-10 08:25:03 +00:00: [LAMY] M3R-LAMY v3.0 Neural Brain initialized --- All systems active
2026-04-10 08:25:03 +00:00: [AUTO-TRADE] Mode restored from vault: ENABLED
2026-04-10 08:25:03 +00:00: [VAULT] PIN loaded from database
2026-04-10 08:25:03 +00:00: [BRAIN DB] Loaded brain from database. IQ: 111187.2 Gen: 10593
2026-04-10 08:25:04 +00:00: [BRAIN ENGINE] 24/7 Self-Improvement Engine STARTED - Learning every 5 seconds
2026-04-10 08:30:04 +00:00: [VAULT] Loaded saved tokens from disk (legacy)
2026-04-10 08:30:04 +00:00: [INFO] LAMY Core Engine — standby mode.
2026-04-10 08:30:04 +00:00: [BRAIN] Loaded brain data. IQ: 111210.3 Gen: 10596
2026-04-10 08:30:04 +00:00: [LAMY] M3R-LAMY v3.0 Neural Brain initialized --- All systems active
2026-04-10 08:30:04 +00:00: [AUTO-TRADE] Mode restored from vault: ENABLED
2026-04-10 08:30:04 +00:00: [BRAIN DB] Loaded brain from database. IQ: 111210.3 Gen: 10596
2026-04-10 08:30:04 +00:00: [VAULT] PIN loaded from database
2026-04-10 08:30:05 +00:00: [BRAIN ENGINE] 24/7 Self-Improvement Engine STARTED - Learning every 5 seconds
2026-04-10 08:35:04 +00:00: [VAULT] Loaded saved tokens from disk (legacy)
2026-04-10 08:35:04 +00:00: [INFO] LAMY Core Engine — standby mode.
2026-04-10 08:35:04 +00:00: [BRAIN] Loaded brain data. IQ: 111233.5 Gen: 10598
2026-04-10 08:35:04 +00:00: [LAMY] M3R-LAMY v3.0 Neural Brain initialized --- All systems active
2026-04-10 08:35:04 +00:00: [AUTO-TRADE] Mode restored from vault: ENABLED
2026-04-10 08:35:04 +00:00: [BRAIN DB] Loaded brain from database. IQ: 111233.5 Gen: 10598
2026-04-10 08:35:04 +00:00: [VAULT] PIN loaded from database
2026-04-10 08:35:05 +00:00: [BRAIN ENGINE] 24/7 Self-Improvement Engine STARTED - Learning every 5 seconds
2026-04-10 08:40:04 +00:00: [VAULT] Loaded saved tokens from disk (legacy)
2026-04-10 08:40:04 +00:00: [INFO] LAMY Core Engine — standby mode.
2026-04-10 08:40:04 +00:00: [BRAIN] Loaded brain data. IQ: 111256.6 Gen: 10600
2026-04-10 08:40:04 +00:00: [LAMY] M3R-LAMY v3.0 Neural Brain initialized --- All systems active
2026-04-10 08:40:04 +00:00: [AUTO-TRADE] Mode restored from vault: ENABLED
2026-04-10 08:40:04 +00:00: [BRAIN DB] Loaded brain from database. IQ: 111256.6 Gen: 10600
2026-04-10 08:40:04 +00:00: [VAULT] PIN loaded from database
2026-04-10 08:40:05 +00:00: [BRAIN ENGINE] 24/7 Self-Improvement Engine STARTED - Learning every 5 seconds
2026-04-10 08:45:05 +00:00: [VAULT] Loaded saved tokens from disk (legacy)
2026-04-10 08:45:05 +00:00: [INFO] LAMY Core Engine — standby mode.
2026-04-10 08:45:05 +00:00: [BRAIN] Loaded brain data. IQ: 111279.9 Gen: 10603
2026-04-10 08:45:05 +00:00: [LAMY] M3R-LAMY v3.0 Neural Brain initialized --- All systems active
2026-04-10 08:45:05 +00:00: [AUTO-TRADE] Mode restored from vault: ENABLED
2026-04-10 08:45:05 +00:00: [BRAIN DB] Loaded brain from database. IQ: 111279.9 Gen: 10603
2026-04-10 08:45:05 +00:00: [VAULT] PIN loaded from database
2026-04-10 08:45:06 +00:00: [BRAIN ENGINE] 24/7 Self-Improvement Engine STARTED - Learning every 5 seconds
2026-04-10 08:50:03 +00:00: [VAULT] Loaded saved tokens from disk (legacy)
2026-04-10 08:50:03 +00:00: [INFO] LAMY Core Engine — standby mode.
2026-04-10 08:50:03 +00:00: [BRAIN] Loaded brain data. IQ: 111304.1 Gen: 10605
2026-04-10 08:50:03 +00:00: [LAMY] M3R-LAMY v3.0 Neural Brain initialized --- All systems active
2026-04-10 08:50:03 +00:00: [AUTO-TRADE] Mode restored from vault: ENABLED
2026-04-10 08:50:03 +00:00: [BRAIN DB] Loaded brain from database. IQ: 111304.1 Gen: 10605
2026-04-10 08:50:03 +00:00: [VAULT] PIN loaded from database
2026-04-10 08:50:04 +00:00: [BRAIN ENGINE] 24/7 Self-Improvement Engine STARTED - Learning every 5 seconds
2026-04-10 08:55:04 +00:00: [VAULT] Loaded saved tokens from disk (legacy)
2026-04-10 08:55:04 +00:00: [INFO] LAMY Core Engine — standby mode.
2026-04-10 08:55:04 +00:00: [BRAIN] Loaded brain data. IQ: 111327.2 Gen: 10608
2026-04-10 08:55:04 +00:00: [LAMY] M3R-LAMY v3.0 Neural Brain initialized --- All systems active
2026-04-10 08:55:04 +00:00: [AUTO-TRADE] Mode restored from vault: ENABLED
2026-04-10 08:55:04 +00:00: [BRAIN DB] Loaded brain from database. IQ: 111327.2 Gen: 10608
2026-04-10 08:55:04 +00:00: [VAULT] PIN loaded from database
2026-04-10 08:55:05 +00:00: [BRAIN ENGINE] 24/7 Self-Improvement Engine STARTED - Learning every 5 seconds
2026-04-10 09:00:05 +00:00: [VAULT] Loaded saved tokens from disk (legacy)
2026-04-10 09:00:05 +00:00: [INFO] LAMY Core Engine — standby mode.
2026-04-10 09:00:05 +00:00: [BRAIN] Loaded brain data. IQ: 111349.4 Gen: 10610
2026-04-10 09:00:05 +00:00: [LAMY] M3R-LAMY v3.0 Neural Brain initialized --- All systems active
2026-04-10 09:00:05 +00:00: [AUTO-TRADE] Mode restored from vault: ENABLED
2026-04-10 09:00:05 +00:00: [BRAIN DB] Loaded brain from database. IQ: 111349.4 Gen: 10610
2026-04-10 09:00:05 +00:00: [VAULT] PIN loaded from database
2026-04-10 09:00:06 +00:00: [BRAIN ENGINE] 24/7 Self-Improvement Engine STARTED - Learning every 5 seconds
2026-04-10 09:05:04 +00:00: [VAULT] Loaded saved tokens from disk (legacy)
2026-04-10 09:05:04 +00:00: [INFO] LAMY Core Engine — standby mode.
2026-04-10 09:05:04 +00:00: [BRAIN] Loaded brain data. IQ: 111373.7 Gen: 10612
2026-04-10 09:05:04 +00:00: [LAMY] M3R-LAMY v3.0 Neural Brain initialized --- All systems active
2026-04-10 09:05:04 +00:00: [AUTO-TRADE] Mode restored from vault: ENABLED
2026-04-10 09:05:04 +00:00: [BRAIN DB] Loaded brain from database. IQ: 111373.7 Gen: 10612
2026-04-10 09:05:04 +00:00: [VAULT] PIN loaded from database
2026-04-10 09:05:05 +00:00: [BRAIN ENGINE] 24/7 Self-Improvement Engine STARTED - Learning every 5 seconds
2026-04-10 09:10:04 +00:00: [VAULT] Loaded saved tokens from disk (legacy)
2026-04-10 09:10:04 +00:00: [INFO] LAMY Core Engine — standby mode.
2026-04-10 09:10:04 +00:00: [BRAIN] Loaded brain data. IQ: 111397.5 Gen: 10615
2026-04-10 09:10:04 +00:00: [LAMY] M3R-LAMY v3.0 Neural Brain initialized --- All systems active
2026-04-10 09:10:04 +00:00: [AUTO-TRADE] Mode restored from vault: ENABLED
2026-04-10 09:10:04 +00:00: [VAULT] PIN loaded from database
2026-04-10 09:10:04 +00:00: [BRAIN DB] Loaded brain from database. IQ: 111397.5 Gen: 10615
2026-04-10 09:10:05 +00:00: [BRAIN ENGINE] 24/7 Self-Improvement Engine STARTED - Learning every 5 seconds
2026-04-10 09:15:04 +00:00: [VAULT] Loaded saved tokens from disk (legacy)
2026-04-10 09:15:04 +00:00: [INFO] LAMY Core Engine — standby mode.
2026-04-10 09:15:04 +00:00: [BRAIN] Loaded brain data. IQ: 111419.9 Gen: 10617
2026-04-10 09:15:04 +00:00: [LAMY] M3R-LAMY v3.0 Neural Brain initialized --- All systems active
2026-04-10 09:15:04 +00:00: [AUTO-TRADE] Mode restored from vault: ENABLED
2026-04-10 09:15:04 +00:00: [BRAIN DB] Loaded brain from database. IQ: 111419.9 Gen: 10617
2026-04-10 09:15:04 +00:00: [VAULT] PIN loaded from database
2026-04-10 09:15:05 +00:00: [BRAIN ENGINE] 24/7 Self-Improvement Engine STARTED - Learning every 5 seconds
2026-04-10 09:20:05 +00:00: [VAULT] Loaded saved tokens from disk (legacy)
2026-04-10 09:20:05 +00:00: [INFO] LAMY Core Engine — standby mode.
2026-04-10 09:20:05 +00:00: [BRAIN] Loaded brain data. IQ: 111443.8 Gen: 10620
2026-04-10 09:20:05 +00:00: [LAMY] M3R-LAMY v3.0 Neural Brain initialized --- All systems active
2026-04-10 09:20:05 +00:00: [AUTO-TRADE] Mode restored from vault: ENABLED
2026-04-10 09:20:05 +00:00: [VAULT] PIN loaded from database
2026-04-10 09:20:05 +00:00: [BRAIN DB] Loaded brain from database. IQ: 111443.8 Gen: 10620
2026-04-10 09:20:06 +00:00: [BRAIN ENGINE] 24/7 Self-Improvement Engine STARTED - Learning every 5 seconds
2026-04-10 09:25:03 +00:00: [VAULT] Loaded saved tokens from disk (legacy)
2026-04-10 09:25:03 +00:00: [INFO] LAMY Core Engine — standby mode.
2026-04-10 09:25:03 +00:00: [BRAIN] Loaded brain data. IQ: 111469 Gen: 10622
2026-04-10 09:25:03 +00:00: [LAMY] M3R-LAMY v3.0 Neural Brain initialized --- All systems active
2026-04-10 09:25:03 +00:00: [AUTO-TRADE] Mode restored from vault: ENABLED
2026-04-10 09:25:03 +00:00: [BRAIN DB] Loaded brain from database. IQ: 111469 Gen: 10622
2026-04-10 09:25:03 +00:00: [VAULT] PIN loaded from database
2026-04-10 09:25:04 +00:00: [BRAIN ENGINE] 24/7 Self-Improvement Engine STARTED - Learning every 5 seconds
2026-04-10 09:30:04 +00:00: [VAULT] Loaded saved tokens from disk (legacy)
2026-04-10 09:30:04 +00:00: [INFO] LAMY Core Engine — standby mode.
2026-04-10 09:30:04 +00:00: [BRAIN] Loaded brain data. IQ: 111492.6 Gen: 10624
2026-04-10 09:30:04 +00:00: [LAMY] M3R-LAMY v3.0 Neural Brain initialized --- All systems active
2026-04-10 09:30:04 +00:00: [AUTO-TRADE] Mode restored from vault: ENABLED
2026-04-10 09:30:04 +00:00: [VAULT] PIN loaded from database
2026-04-10 09:30:04 +00:00: [BRAIN DB] Loaded brain from database. IQ: 111492.6 Gen: 10624
2026-04-10 09:30:05 +00:00: [BRAIN ENGINE] 24/7 Self-Improvement Engine STARTED - Learning every 5 seconds
2026-04-10 09:35:04 +00:00: [VAULT] Loaded saved tokens from disk (legacy)
2026-04-10 09:35:04 +00:00: [INFO] LAMY Core Engine — standby mode.
2026-04-10 09:35:04 +00:00: [BRAIN] Loaded brain data. IQ: 111516.2 Gen: 10627
2026-04-10 09:35:04 +00:00: [LAMY] M3R-LAMY v3.0 Neural Brain initialized --- All systems active
2026-04-10 09:35:04 +00:00: [AUTO-TRADE] Mode restored from vault: ENABLED
2026-04-10 09:35:04 +00:00: [VAULT] PIN loaded from database
2026-04-10 09:35:04 +00:00: [BRAIN DB] Loaded brain from database. IQ: 111516.2 Gen: 10627
2026-04-10 09:35:05 +00:00: [BRAIN ENGINE] 24/7 Self-Improvement Engine STARTED - Learning every 5 seconds
2026-04-10 09:40:04 +00:00: [VAULT] Loaded saved tokens from disk (legacy)
2026-04-10 09:40:04 +00:00: [INFO] LAMY Core Engine — standby mode.
2026-04-10 09:40:04 +00:00: [BRAIN] Loaded brain data. IQ: 111541.2 Gen: 10629
2026-04-10 09:40:04 +00:00: [LAMY] M3R-LAMY v3.0 Neural Brain initialized --- All systems active
2026-04-10 09:40:04 +00:00: [AUTO-TRADE] Mode restored from vault: ENABLED
2026-04-10 09:40:04 +00:00: [VAULT] PIN loaded from database
2026-04-10 09:40:04 +00:00: [BRAIN DB] Loaded brain from database. IQ: 111541.2 Gen: 10629
2026-04-10 09:40:05 +00:00: [BRAIN ENGINE] 24/7 Self-Improvement Engine STARTED - Learning every 5 seconds
2026-04-10 09:45:04 +00:00: [VAULT] Loaded saved tokens from disk (legacy)
2026-04-10 09:45:04 +00:00: [INFO] LAMY Core Engine — standby mode.
2026-04-10 09:45:04 +00:00: [BRAIN] Loaded brain data. IQ: 111564.5 Gen: 10632
2026-04-10 09:45:04 +00:00: [LAMY] M3R-LAMY v3.0 Neural Brain initialized --- All systems active
2026-04-10 09:45:04 +00:00: [AUTO-TRADE] Mode restored from vault: ENABLED
2026-04-10 09:45:04 +00:00: [VAULT] PIN loaded from database
2026-04-10 09:45:04 +00:00: [BRAIN DB] Loaded brain from database. IQ: 111564.5 Gen: 10632
2026-04-10 09:45:05 +00:00: [BRAIN ENGINE] 24/7 Self-Improvement Engine STARTED - Learning every 5 seconds
2026-04-10 09:50:03 +00:00: [VAULT] Loaded saved tokens from disk (legacy)
2026-04-10 09:50:03 +00:00: [INFO] LAMY Core Engine — standby mode.
2026-04-10 09:50:03 +00:00: [BRAIN] Loaded brain data. IQ: 111587.2 Gen: 10634
2026-04-10 09:50:03 +00:00: [LAMY] M3R-LAMY v3.0 Neural Brain initialized --- All systems active
2026-04-10 09:50:03 +00:00: [AUTO-TRADE] Mode restored from vault: ENABLED
2026-04-10 09:50:03 +00:00: [VAULT] PIN loaded from database
2026-04-10 09:50:03 +00:00: [BRAIN DB] Loaded brain from database. IQ: 111587.2 Gen: 10634
2026-04-10 09:50:04 +00:00: [BRAIN ENGINE] 24/7 Self-Improvement Engine STARTED - Learning every 5 seconds
2026-04-10 09:55:04 +00:00: [VAULT] Loaded saved tokens from disk (legacy)
2026-04-10 09:55:04 +00:00: [INFO] LAMY Core Engine — standby mode.
2026-04-10 09:55:04 +00:00: [BRAIN] Loaded brain data. IQ: 111611.5 Gen: 10636
2026-04-10 09:55:04 +00:00: [LAMY] M3R-LAMY v3.0 Neural Brain initialized --- All systems active
2026-04-10 09:55:04 +00:00: [AUTO-TRADE] Mode restored from vault: ENABLED
2026-04-10 09:55:04 +00:00: [BRAIN DB] Loaded brain from database. IQ: 111611.5 Gen: 10636
2026-04-10 09:55:04 +00:00: [VAULT] PIN loaded from database
2026-04-10 09:55:05 +00:00: [BRAIN ENGINE] 24/7 Self-Improvement Engine STARTED - Learning every 5 seconds
2026-04-10 10:00:04 +00:00: [VAULT] Loaded saved tokens from disk (legacy)
2026-04-10 10:00:04 +00:00: [INFO] LAMY Core Engine — standby mode.
2026-04-10 10:00:05 +00:00: [BRAIN] Loaded brain data. IQ: 111634.6 Gen: 10639
2026-04-10 10:00:05 +00:00: [LAMY] M3R-LAMY v3.0 Neural Brain initialized --- All systems active
2026-04-10 10:00:05 +00:00: [AUTO-TRADE] Mode restored from vault: ENABLED
2026-04-10 10:00:05 +00:00: [BRAIN DB] Loaded brain from database. IQ: 111634.6 Gen: 10639
2026-04-10 10:00:05 +00:00: [VAULT] PIN loaded from database
2026-04-10 10:00:06 +00:00: [BRAIN ENGINE] 24/7 Self-Improvement Engine STARTED - Learning every 5 seconds
2026-04-10 10:05:03 +00:00: [VAULT] Loaded saved tokens from disk (legacy)
2026-04-10 10:05:03 +00:00: [INFO] LAMY Core Engine — standby mode.
2026-04-10 10:05:03 +00:00: [BRAIN] Loaded brain data. IQ: 111659.9 Gen: 10641
2026-04-10 10:05:03 +00:00: [LAMY] M3R-LAMY v3.0 Neural Brain initialized --- All systems active
2026-04-10 10:05:03 +00:00: [AUTO-TRADE] Mode restored from vault: ENABLED
2026-04-10 10:05:04 +00:00: [VAULT] PIN loaded from database
2026-04-10 10:05:04 +00:00: [BRAIN DB] Loaded brain from database. IQ: 111659.9 Gen: 10641
2026-04-10 10:05:04 +00:00: [BRAIN ENGINE] 24/7 Self-Improvement Engine STARTED - Learning every 5 seconds
2026-04-10 10:10:04 +00:00: [VAULT] Loaded saved tokens from disk (legacy)
2026-04-10 10:10:04 +00:00: [INFO] LAMY Core Engine — standby mode.
2026-04-10 10:10:04 +00:00: [BRAIN] Loaded brain data. IQ: 111683 Gen: 10644
2026-04-10 10:10:04 +00:00: [LAMY] M3R-LAMY v3.0 Neural Brain initialized --- All systems active
2026-04-10 10:10:04 +00:00: [AUTO-TRADE] Mode restored from vault: ENABLED
2026-04-10 10:10:04 +00:00: [BRAIN DB] Loaded brain from database. IQ: 111683 Gen: 10644
2026-04-10 10:10:04 +00:00: [VAULT] PIN loaded from database
2026-04-10 10:10:05 +00:00: [BRAIN ENGINE] 24/7 Self-Improvement Engine STARTED - Learning every 5 seconds
2026-04-10 10:15:04 +00:00: [VAULT] Loaded saved tokens from disk (legacy)
2026-04-10 10:15:04 +00:00: [INFO] LAMY Core Engine — standby mode.
2026-04-10 10:15:04 +00:00: [BRAIN] Loaded brain data. IQ: 111705.5 Gen: 10646
2026-04-10 10:15:04 +00:00: [LAMY] M3R-LAMY v3.0 Neural Brain initialized --- All systems active
2026-04-10 10:15:04 +00:00: [AUTO-TRADE] Mode restored from vault: ENABLED
2026-04-10 10:15:04 +00:00: [VAULT] PIN loaded from database
2026-04-10 10:15:04 +00:00: [BRAIN DB] Loaded brain from database. IQ: 111705.5 Gen: 10646
2026-04-10 10:15:05 +00:00: [BRAIN ENGINE] 24/7 Self-Improvement Engine STARTED - Learning every 5 seconds
2026-04-10 10:20:03 +00:00: [VAULT] Loaded saved tokens from disk (legacy)
2026-04-10 10:20:03 +00:00: [INFO] LAMY Core Engine — standby mode.
2026-04-10 10:20:03 +00:00: [BRAIN] Loaded brain data. IQ: 111728.7 Gen: 10648
2026-04-10 10:20:03 +00:00: [LAMY] M3R-LAMY v3.0 Neural Brain initialized --- All systems active
2026-04-10 10:20:03 +00:00: [AUTO-TRADE] Mode restored from vault: ENABLED
2026-04-10 10:20:03 +00:00: [BRAIN DB] Loaded brain from database. IQ: 111728.7 Gen: 10648
2026-04-10 10:20:03 +00:00: [VAULT] PIN loaded from database
2026-04-10 10:20:04 +00:00: [BRAIN ENGINE] 24/7 Self-Improvement Engine STARTED - Learning every 5 seconds
2026-04-10 10:25:04 +00:00: [VAULT] Loaded saved tokens from disk (legacy)
2026-04-10 10:25:04 +00:00: [INFO] LAMY Core Engine — standby mode.
2026-04-10 10:25:04 +00:00: [BRAIN] Loaded brain data. IQ: 111752.4 Gen: 10651
2026-04-10 10:25:04 +00:00: [LAMY] M3R-LAMY v3.0 Neural Brain initialized --- All systems active
2026-04-10 10:25:04 +00:00: [AUTO-TRADE] Mode restored from vault: ENABLED
2026-04-10 10:25:04 +00:00: [BRAIN DB] Loaded brain from database. IQ: 111752.4 Gen: 10651
2026-04-10 10:25:04 +00:00: [VAULT] PIN loaded from database
2026-04-10 10:25:05 +00:00: [BRAIN ENGINE] 24/7 Self-Improvement Engine STARTED - Learning every 5 seconds
2026-04-10 10:30:04 +00:00: [VAULT] Loaded saved tokens from disk (legacy)
2026-04-10 10:30:04 +00:00: [INFO] LAMY Core Engine — standby mode.
2026-04-10 10:30:04 +00:00: [BRAIN] Loaded brain data. IQ: 111776 Gen: 10653
2026-04-10 10:30:04 +00:00: [LAMY] M3R-LAMY v3.0 Neural Brain initialized --- All systems active
2026-04-10 10:30:04 +00:00: [AUTO-TRADE] Mode restored from vault: ENABLED
2026-04-10 10:30:05 +00:00: [VAULT] PIN loaded from database
2026-04-10 10:30:05 +00:00: [BRAIN DB] Loaded brain from database. IQ: 111776 Gen: 10653
2026-04-10 10:30:05 +00:00: [BRAIN ENGINE] 24/7 Self-Improvement Engine STARTED - Learning every 5 seconds
2026-04-10 10:35:05 +00:00: [VAULT] Loaded saved tokens from disk (legacy)
2026-04-10 10:35:05 +00:00: [INFO] LAMY Core Engine — standby mode.
2026-04-10 10:35:05 +00:00: [BRAIN] Loaded brain data. IQ: 111800.6 Gen: 10656
2026-04-10 10:35:05 +00:00: [LAMY] M3R-LAMY v3.0 Neural Brain initialized --- All systems active
2026-04-10 10:35:05 +00:00: [AUTO-TRADE] Mode restored from vault: ENABLED
2026-04-10 10:35:05 +00:00: [VAULT] PIN loaded from database
2026-04-10 10:35:05 +00:00: [BRAIN DB] Loaded brain from database. IQ: 111800.6 Gen: 10656
2026-04-10 10:35:06 +00:00: [BRAIN ENGINE] 24/7 Self-Improvement Engine STARTED - Learning every 5 seconds
2026-04-10 10:40:04 +00:00: [VAULT] Loaded saved tokens from disk (legacy)
2026-04-10 10:40:04 +00:00: [INFO] LAMY Core Engine — standby mode.
2026-04-10 10:40:04 +00:00: [BRAIN] Loaded brain data. IQ: 111823.9 Gen: 10658
2026-04-10 10:40:04 +00:00: [LAMY] M3R-LAMY v3.0 Neural Brain initialized --- All systems active
2026-04-10 10:40:04 +00:00: [AUTO-TRADE] Mode restored from vault: ENABLED
2026-04-10 10:40:04 +00:00: [BRAIN DB] Loaded brain from database. IQ: 111823.9 Gen: 10658
2026-04-10 10:40:04 +00:00: [VAULT] PIN loaded from database
2026-04-10 10:40:05 +00:00: [BRAIN ENGINE] 24/7 Self-Improvement Engine STARTED - Learning every 5 seconds
2026-04-10 10:45:04 +00:00: [VAULT] Loaded saved tokens from disk (legacy)
2026-04-10 10:45:04 +00:00: [INFO] LAMY Core Engine — standby mode.
2026-04-10 10:45:04 +00:00: [BRAIN] Loaded brain data. IQ: 111847.7 Gen: 10660
2026-04-10 10:45:04 +00:00: [LAMY] M3R-LAMY v3.0 Neural Brain initialized --- All systems active
2026-04-10 10:45:04 +00:00: [AUTO-TRADE] Mode restored from vault: ENABLED
2026-04-10 10:45:04 +00:00: [BRAIN DB] Loaded brain from database. IQ: 111847.7 Gen: 10660
2026-04-10 10:45:04 +00:00: [VAULT] PIN loaded from database
2026-04-10 10:45:05 +00:00: [BRAIN ENGINE] 24/7 Self-Improvement Engine STARTED - Learning every 5 seconds
2026-04-10 10:50:04 +00:00: [VAULT] Loaded saved tokens from disk (legacy)
2026-04-10 10:50:04 +00:00: [INFO] LAMY Core Engine — standby mode.
2026-04-10 10:50:04 +00:00: [BRAIN] Loaded brain data. IQ: 111871.6 Gen: 10663
2026-04-10 10:50:04 +00:00: [LAMY] M3R-LAMY v3.0 Neural Brain initialized --- All systems active
2026-04-10 10:50:04 +00:00: [AUTO-TRADE] Mode restored from vault: ENABLED
2026-04-10 10:50:04 +00:00: [BRAIN DB] Loaded brain from database. IQ: 111871.6 Gen: 10663
2026-04-10 10:50:04 +00:00: [VAULT] PIN loaded from database
2026-04-10 10:50:05 +00:00: [BRAIN ENGINE] 24/7 Self-Improvement Engine STARTED - Learning every 5 seconds
2026-04-10 10:55:04 +00:00: [VAULT] Loaded saved tokens from disk (legacy)
2026-04-10 10:55:04 +00:00: [INFO] LAMY Core Engine — standby mode.
2026-04-10 10:55:04 +00:00: [BRAIN] Loaded brain data. IQ: 111893.4 Gen: 10665
2026-04-10 10:55:04 +00:00: [LAMY] M3R-LAMY v3.0 Neural Brain initialized --- All systems active
2026-04-10 10:55:04 +00:00: [AUTO-TRADE] Mode restored from vault: ENABLED
2026-04-10 10:55:04 +00:00: [VAULT] PIN loaded from database
2026-04-10 10:55:04 +00:00: [BRAIN DB] Loaded brain from database. IQ: 111893.4 Gen: 10665
2026-04-10 10:55:05 +00:00: [BRAIN ENGINE] 24/7 Self-Improvement Engine STARTED - Learning every 5 seconds
2026-04-10 11:00:05 +00:00: [VAULT] Loaded saved tokens from disk (legacy)
2026-04-10 11:00:05 +00:00: [INFO] LAMY Core Engine — standby mode.
2026-04-10 11:00:05 +00:00: [BRAIN] Loaded brain data. IQ: 111918.7 Gen: 10668
2026-04-10 11:00:05 +00:00: [LAMY] M3R-LAMY v3.0 Neural Brain initialized --- All systems active
2026-04-10 11:00:05 +00:00: [AUTO-TRADE] Mode restored from vault: ENABLED
2026-04-10 11:00:05 +00:00: [BRAIN DB] Loaded brain from database. IQ: 111918.7 Gen: 10668
2026-04-10 11:00:05 +00:00: [VAULT] PIN loaded from database
2026-04-10 11:00:06 +00:00: [BRAIN ENGINE] 24/7 Self-Improvement Engine STARTED - Learning every 5 seconds
2026-04-10 11:05:04 +00:00: [VAULT] Loaded saved tokens from disk (legacy)
2026-04-10 11:05:04 +00:00: [INFO] LAMY Core Engine — standby mode.
2026-04-10 11:05:04 +00:00: [BRAIN] Loaded brain data. IQ: 111941.7 Gen: 10670
2026-04-10 11:05:04 +00:00: [LAMY] M3R-LAMY v3.0 Neural Brain initialized --- All systems active
2026-04-10 11:05:04 +00:00: [AUTO-TRADE] Mode restored from vault: ENABLED
2026-04-10 11:05:04 +00:00: [BRAIN DB] Loaded brain from database. IQ: 111941.7 Gen: 10670
2026-04-10 11:05:04 +00:00: [VAULT] PIN loaded from database
2026-04-10 11:05:05 +00:00: [BRAIN ENGINE] 24/7 Self-Improvement Engine STARTED - Learning every 5 seconds
2026-04-10 11:10:04 +00:00: [VAULT] Loaded saved tokens from disk (legacy)
2026-04-10 11:10:04 +00:00: [INFO] LAMY Core Engine — standby mode.
2026-04-10 11:10:04 +00:00: [BRAIN] Loaded brain data. IQ: 111966.5 Gen: 10672
2026-04-10 11:10:04 +00:00: [LAMY] M3R-LAMY v3.0 Neural Brain initialized --- All systems active
2026-04-10 11:10:04 +00:00: [AUTO-TRADE] Mode restored from vault: ENABLED
2026-04-10 11:10:04 +00:00: [BRAIN DB] Loaded brain from database. IQ: 111966.5 Gen: 10672
2026-04-10 11:10:05 +00:00: [VAULT] PIN loaded from database
2026-04-10 11:10:05 +00:00: [BRAIN ENGINE] 24/7 Self-Improvement Engine STARTED - Learning every 5 seconds
2026-04-10 11:15:04 +00:00: [VAULT] Loaded saved tokens from disk (legacy)
2026-04-10 11:15:04 +00:00: [INFO] LAMY Core Engine — standby mode.
2026-04-10 11:15:04 +00:00: [BRAIN] Loaded brain data. IQ: 111989.7 Gen: 10675
2026-04-10 11:15:04 +00:00: [LAMY] M3R-LAMY v3.0 Neural Brain initialized --- All systems active
2026-04-10 11:15:04 +00:00: [AUTO-TRADE] Mode restored from vault: ENABLED
2026-04-10 11:15:04 +00:00: [BRAIN DB] Loaded brain from database. IQ: 111989.7 Gen: 10675
2026-04-10 11:15:04 +00:00: [VAULT] PIN loaded from database
2026-04-10 11:15:05 +00:00: [BRAIN ENGINE] 24/7 Self-Improvement Engine STARTED - Learning every 5 seconds
2026-04-10 11:20:04 +00:00: [VAULT] Loaded saved tokens from disk (legacy)
2026-04-10 11:20:04 +00:00: [INFO] LAMY Core Engine — standby mode.
2026-04-10 11:20:04 +00:00: [BRAIN] Loaded brain data. IQ: 112014.8 Gen: 10677
2026-04-10 11:20:04 +00:00: [LAMY] M3R-LAMY v3.0 Neural Brain initialized --- All systems active
2026-04-10 11:20:04 +00:00: [AUTO-TRADE] Mode restored from vault: ENABLED
2026-04-10 11:20:04 +00:00: [BRAIN DB] Loaded brain from database. IQ: 112014.8 Gen: 10677
2026-04-10 11:20:04 +00:00: [VAULT] PIN loaded from database
2026-04-10 11:20:05 +00:00: [BRAIN ENGINE] 24/7 Self-Improvement Engine STARTED - Learning every 5 seconds
2026-04-10 11:25:05 +00:00: [VAULT] Loaded saved tokens from disk (legacy)
2026-04-10 11:25:05 +00:00: [INFO] LAMY Core Engine — standby mode.
2026-04-10 11:25:05 +00:00: [BRAIN] Loaded brain data. IQ: 112037.9 Gen: 10680
2026-04-10 11:25:05 +00:00: [LAMY] M3R-LAMY v3.0 Neural Brain initialized --- All systems active
2026-04-10 11:25:05 +00:00: [AUTO-TRADE] Mode restored from vault: ENABLED
2026-04-10 11:25:05 +00:00: [BRAIN DB] Loaded brain from database. IQ: 112037.9 Gen: 10680
2026-04-10 11:25:05 +00:00: [VAULT] PIN loaded from database
2026-04-10 11:25:06 +00:00: [BRAIN ENGINE] 24/7 Self-Improvement Engine STARTED - Learning every 5 seconds
2026-04-10 11:30:04 +00:00: [VAULT] Loaded saved tokens from disk (legacy)
2026-04-10 11:30:04 +00:00: [INFO] LAMY Core Engine — standby mode.
2026-04-10 11:30:04 +00:00: [BRAIN] Loaded brain data. IQ: 112060.7 Gen: 10682
2026-04-10 11:30:04 +00:00: [LAMY] M3R-LAMY v3.0 Neural Brain initialized --- All systems active
2026-04-10 11:30:04 +00:00: [AUTO-TRADE] Mode restored from vault: ENABLED
2026-04-10 11:30:04 +00:00: [VAULT] PIN loaded from database
2026-04-10 11:30:04 +00:00: [BRAIN DB] Loaded brain from database. IQ: 112060.7 Gen: 10682
2026-04-10 11:30:05 +00:00: [BRAIN ENGINE] 24/7 Self-Improvement Engine STARTED - Learning every 5 seconds
2026-04-10 11:35:04 +00:00: [VAULT] Loaded saved tokens from disk (legacy)
2026-04-10 11:35:04 +00:00: [INFO] LAMY Core Engine — standby mode.
2026-04-10 11:35:04 +00:00: [BRAIN] Loaded brain data. IQ: 112081.8 Gen: 10684
2026-04-10 11:35:04 +00:00: [LAMY] M3R-LAMY v3.0 Neural Brain initialized --- All systems active
2026-04-10 11:35:04 +00:00: [AUTO-TRADE] Mode restored from vault: ENABLED
2026-04-10 11:35:05 +00:00: [VAULT] PIN loaded from database
2026-04-10 11:35:05 +00:00: [BRAIN DB] Loaded brain from database. IQ: 112081.8 Gen: 10684
2026-04-10 11:35:05 +00:00: [BRAIN ENGINE] 24/7 Self-Improvement Engine STARTED - Learning every 5 seconds
2026-04-10 11:40:05 +00:00: [VAULT] Loaded saved tokens from disk (legacy)
2026-04-10 11:40:05 +00:00: [INFO] LAMY Core Engine — standby mode.
2026-04-10 11:40:05 +00:00: [BRAIN] Loaded brain data. IQ: 112106.1 Gen: 10687
2026-04-10 11:40:05 +00:00: [LAMY] M3R-LAMY v3.0 Neural Brain initialized --- All systems active
2026-04-10 11:40:05 +00:00: [AUTO-TRADE] Mode restored from vault: ENABLED
2026-04-10 11:40:05 +00:00: [VAULT] PIN loaded from database
2026-04-10 11:40:05 +00:00: [BRAIN DB] Loaded brain from database. IQ: 112106.1 Gen: 10687
2026-04-10 11:40:06 +00:00: [BRAIN ENGINE] 24/7 Self-Improvement Engine STARTED - Learning every 5 seconds
2026-04-10 11:45:05 +00:00: [VAULT] Loaded saved tokens from disk (legacy)
2026-04-10 11:45:05 +00:00: [INFO] LAMY Core Engine — standby mode.
2026-04-10 11:45:05 +00:00: [BRAIN] Loaded brain data. IQ: 112129.9 Gen: 10689
2026-04-10 11:45:05 +00:00: [LAMY] M3R-LAMY v3.0 Neural Brain initialized --- All systems active
2026-04-10 11:45:05 +00:00: [AUTO-TRADE] Mode restored from vault: ENABLED
2026-04-10 11:45:06 +00:00: [VAULT] PIN loaded from database
2026-04-10 11:45:06 +00:00: [BRAIN DB] Loaded brain from database. IQ: 112129.9 Gen: 10689
2026-04-10 11:45:06 +00:00: [BRAIN ENGINE] 24/7 Self-Improvement Engine STARTED - Learning every 5 seconds
2026-04-10 11:50:05 +00:00: [VAULT] Loaded saved tokens from disk (legacy)
2026-04-10 11:50:05 +00:00: [INFO] LAMY Core Engine — standby mode.
2026-04-10 11:50:05 +00:00: [BRAIN] Loaded brain data. IQ: 112154.1 Gen: 10692
2026-04-10 11:50:05 +00:00: [LAMY] M3R-LAMY v3.0 Neural Brain initialized --- All systems active
2026-04-10 11:50:05 +00:00: [AUTO-TRADE] Mode restored from vault: ENABLED
2026-04-10 11:50:05 +00:00: [BRAIN DB] Loaded brain from database. IQ: 112154.1 Gen: 10692
2026-04-10 11:50:05 +00:00: [VAULT] PIN loaded from database
2026-04-10 11:50:06 +00:00: [BRAIN ENGINE] 24/7 Self-Improvement Engine STARTED - Learning every 5 seconds
2026-04-10 11:55:05 +00:00: [VAULT] Loaded saved tokens from disk (legacy)
2026-04-10 11:55:05 +00:00: [INFO] LAMY Core Engine — standby mode.
2026-04-10 11:55:05 +00:00: [BRAIN] Loaded brain data. IQ: 112177.4 Gen: 10694
2026-04-10 11:55:05 +00:00: [LAMY] M3R-LAMY v3.0 Neural Brain initialized --- All systems active
2026-04-10 11:55:05 +00:00: [AUTO-TRADE] Mode restored from vault: ENABLED
2026-04-10 11:55:05 +00:00: [BRAIN DB] Loaded brain from database. IQ: 112177.4 Gen: 10694
2026-04-10 11:55:05 +00:00: [VAULT] PIN loaded from database
2026-04-10 11:55:06 +00:00: [BRAIN ENGINE] 24/7 Self-Improvement Engine STARTED - Learning every 5 seconds
2026-04-10 12:00:05 +00:00: [VAULT] Loaded saved tokens from disk (legacy)
2026-04-10 12:00:05 +00:00: [INFO] LAMY Core Engine — standby mode.
2026-04-10 12:00:05 +00:00: [BRAIN] Loaded brain data. IQ: 112201.7 Gen: 10696
2026-04-10 12:00:05 +00:00: [LAMY] M3R-LAMY v3.0 Neural Brain initialized --- All systems active
2026-04-10 12:00:05 +00:00: [AUTO-TRADE] Mode restored from vault: ENABLED
2026-04-10 12:00:05 +00:00: [VAULT] PIN loaded from database
2026-04-10 12:00:05 +00:00: [BRAIN DB] Loaded brain from database. IQ: 112201.7 Gen: 10696
2026-04-10 12:00:06 +00:00: [BRAIN ENGINE] 24/7 Self-Improvement Engine STARTED - Learning every 5 seconds
2026-04-10 12:05:05 +00:00: [VAULT] Loaded saved tokens from disk (legacy)
2026-04-10 12:05:05 +00:00: [INFO] LAMY Core Engine — standby mode.
2026-04-10 12:05:05 +00:00: [BRAIN] Loaded brain data. IQ: 112225.4 Gen: 10699
2026-04-10 12:05:05 +00:00: [LAMY] M3R-LAMY v3.0 Neural Brain initialized --- All systems active
2026-04-10 12:05:05 +00:00: [AUTO-TRADE] Mode restored from vault: ENABLED
2026-04-10 12:05:06 +00:00: [BRAIN DB] Loaded brain from database. IQ: 112225.4 Gen: 10699
2026-04-10 12:05:06 +00:00: [VAULT] PIN loaded from database
2026-04-10 12:05:06 +00:00: [BRAIN ENGINE] 24/7 Self-Improvement Engine STARTED - Learning every 5 seconds
2026-04-10 12:10:05 +00:00: [VAULT] Loaded saved tokens from disk (legacy)
2026-04-10 12:10:05 +00:00: [INFO] LAMY Core Engine — standby mode.
2026-04-10 12:10:05 +00:00: [BRAIN] Loaded brain data. IQ: 112250.3 Gen: 10701
2026-04-10 12:10:05 +00:00: [LAMY] M3R-LAMY v3.0 Neural Brain initialized --- All systems active
2026-04-10 12:10:05 +00:00: [AUTO-TRADE] Mode restored from vault: ENABLED
2026-04-10 12:10:05 +00:00: [VAULT] PIN loaded from database
2026-04-10 12:10:05 +00:00: [BRAIN DB] Loaded brain from database. IQ: 112250.3 Gen: 10701
2026-04-10 12:10:06 +00:00: [BRAIN ENGINE] 24/7 Self-Improvement Engine STARTED - Learning every 5 seconds
2026-04-10 12:15:04 +00:00: [VAULT] Loaded saved tokens from disk (legacy)
2026-04-10 12:15:04 +00:00: [INFO] LAMY Core Engine — standby mode.
2026-04-10 12:15:04 +00:00: [BRAIN] Loaded brain data. IQ: 112273.6 Gen: 10704
2026-04-10 12:15:04 +00:00: [LAMY] M3R-LAMY v3.0 Neural Brain initialized --- All systems active
2026-04-10 12:15:04 +00:00: [AUTO-TRADE] Mode restored from vault: ENABLED
2026-04-10 12:15:04 +00:00: [VAULT] PIN loaded from database
2026-04-10 12:15:04 +00:00: [BRAIN DB] Loaded brain from database. IQ: 112273.6 Gen: 10704
2026-04-10 12:15:05 +00:00: [BRAIN ENGINE] 24/7 Self-Improvement Engine STARTED - Learning every 5 seconds
2026-04-10 12:20:05 +00:00: [VAULT] Loaded saved tokens from disk (legacy)
2026-04-10 12:20:05 +00:00: [INFO] LAMY Core Engine — standby mode.
2026-04-10 12:20:05 +00:00: [BRAIN] Loaded brain data. IQ: 112297.9 Gen: 10706
2026-04-10 12:20:05 +00:00: [LAMY] M3R-LAMY v3.0 Neural Brain initialized --- All systems active
2026-04-10 12:20:05 +00:00: [AUTO-TRADE] Mode restored from vault: ENABLED
2026-04-10 12:20:05 +00:00: [VAULT] PIN loaded from database
2026-04-10 12:20:05 +00:00: [BRAIN DB] Loaded brain from database. IQ: 112297.9 Gen: 10706
2026-04-10 12:20:06 +00:00: [BRAIN ENGINE] 24/7 Self-Improvement Engine STARTED - Learning every 5 seconds
2026-04-10 12:25:05 +00:00: [VAULT] Loaded saved tokens from disk (legacy)
2026-04-10 12:25:05 +00:00: [INFO] LAMY Core Engine — standby mode.
2026-04-10 12:25:05 +00:00: [BRAIN] Loaded brain data. IQ: 112319.6 Gen: 10708
2026-04-10 12:25:05 +00:00: [LAMY] M3R-LAMY v3.0 Neural Brain initialized --- All systems active
2026-04-10 12:25:05 +00:00: [AUTO-TRADE] Mode restored from vault: ENABLED
2026-04-10 12:25:05 +00:00: [VAULT] PIN loaded from database
2026-04-10 12:25:05 +00:00: [BRAIN DB] Loaded brain from database. IQ: 112319.6 Gen: 10708
2026-04-10 12:25:06 +00:00: [BRAIN ENGINE] 24/7 Self-Improvement Engine STARTED - Learning every 5 seconds
2026-04-10 12:30:05 +00:00: [VAULT] Loaded saved tokens from disk (legacy)
2026-04-10 12:30:05 +00:00: [INFO] LAMY Core Engine — standby mode.
2026-04-10 12:30:05 +00:00: [BRAIN] Loaded brain data. IQ: 112344.3 Gen: 10711
2026-04-10 12:30:05 +00:00: [LAMY] M3R-LAMY v3.0 Neural Brain initialized --- All systems active
2026-04-10 12:30:05 +00:00: [AUTO-TRADE] Mode restored from vault: ENABLED
2026-04-10 12:30:05 +00:00: [BRAIN DB] Loaded brain from database. IQ: 112344.3 Gen: 10711
2026-04-10 12:30:05 +00:00: [VAULT] PIN loaded from database
2026-04-10 12:30:06 +00:00: [BRAIN ENGINE] 24/7 Self-Improvement Engine STARTED - Learning every 5 seconds
2026-04-10 12:35:05 +00:00: [VAULT] Loaded saved tokens from disk (legacy)
2026-04-10 12:35:05 +00:00: [INFO] LAMY Core Engine — standby mode.
2026-04-10 12:35:05 +00:00: [BRAIN] Loaded brain data. IQ: 112369.5 Gen: 10713
2026-04-10 12:35:05 +00:00: [LAMY] M3R-LAMY v3.0 Neural Brain initialized --- All systems active
2026-04-10 12:35:05 +00:00: [AUTO-TRADE] Mode restored from vault: ENABLED
2026-04-10 12:35:05 +00:00: [VAULT] PIN loaded from database
2026-04-10 12:35:05 +00:00: [BRAIN DB] Loaded brain from database. IQ: 112369.5 Gen: 10713
2026-04-10 12:35:06 +00:00: [BRAIN ENGINE] 24/7 Self-Improvement Engine STARTED - Learning every 5 seconds
2026-04-10 12:40:05 +00:00: [VAULT] Loaded saved tokens from disk (legacy)
2026-04-10 12:40:05 +00:00: [INFO] LAMY Core Engine — standby mode.
2026-04-10 12:40:05 +00:00: [BRAIN] Loaded brain data. IQ: 112392.7 Gen: 10716
2026-04-10 12:40:05 +00:00: [LAMY] M3R-LAMY v3.0 Neural Brain initialized --- All systems active
2026-04-10 12:40:05 +00:00: [AUTO-TRADE] Mode restored from vault: ENABLED
2026-04-10 12:40:05 +00:00: [BRAIN DB] Loaded brain from database. IQ: 112392.7 Gen: 10716
2026-04-10 12:40:05 +00:00: [VAULT] PIN loaded from database
2026-04-10 12:40:06 +00:00: [BRAIN ENGINE] 24/7 Self-Improvement Engine STARTED - Learning every 5 seconds
2026-04-10 12:45:05 +00:00: [VAULT] Loaded saved tokens from disk (legacy)
2026-04-10 12:45:05 +00:00: [INFO] LAMY Core Engine — standby mode.
2026-04-10 12:45:05 +00:00: [BRAIN] Loaded brain data. IQ: 112415.7 Gen: 10718
2026-04-10 12:45:05 +00:00: [LAMY] M3R-LAMY v3.0 Neural Brain initialized --- All systems active
2026-04-10 12:45:05 +00:00: [AUTO-TRADE] Mode restored from vault: ENABLED
2026-04-10 12:45:05 +00:00: [BRAIN DB] Loaded brain from database. IQ: 112415.7 Gen: 10718
2026-04-10 12:45:05 +00:00: [VAULT] PIN loaded from database
2026-04-10 12:45:06 +00:00: [BRAIN ENGINE] 24/7 Self-Improvement Engine STARTED - Learning every 5 seconds
2026-04-10 12:48:48 +00:00: [VAULT] Loaded saved tokens from disk (legacy)
2026-04-10 12:48:48 +00:00: [INFO] LAMY Core Engine — standby mode.
2026-04-10 12:48:48 +00:00: [BRAIN] Loaded brain data. IQ: 112431.6 Gen: 10720
2026-04-10 12:48:48 +00:00: [LAMY] M3R-LAMY v3.0 Neural Brain initialized --- All systems active
2026-04-10 12:48:48 +00:00: [AUTO-TRADE] Mode restored from vault: ENABLED
2026-04-10 12:48:48 +00:00: [BRAIN DB] Loaded brain from database. IQ: 112431.6 Gen: 10720
2026-04-10 12:48:48 +00:00: [VAULT] PIN loaded from database
2026-04-10 12:48:49 +00:00: [BRAIN ENGINE] 24/7 Self-Improvement Engine STARTED - Learning every 5 seconds
2026-04-10 12:50:04 +00:00: [VAULT] Loaded saved tokens from disk (legacy)
2026-04-10 12:50:04 +00:00: [INFO] LAMY Core Engine — standby mode.
2026-04-10 12:50:04 +00:00: [BRAIN] Loaded brain data. IQ: 112437.2 Gen: 10720
2026-04-10 12:50:04 +00:00: [LAMY] M3R-LAMY v3.0 Neural Brain initialized --- All systems active
2026-04-10 12:50:04 +00:00: [AUTO-TRADE] Mode restored from vault: ENABLED
2026-04-10 12:50:04 +00:00: [BRAIN DB] Loaded brain from database. IQ: 112437.2 Gen: 10720
2026-04-10 12:50:04 +00:00: [VAULT] PIN loaded from database
2026-04-10 12:50:05 +00:00: [BRAIN ENGINE] 24/7 Self-Improvement Engine STARTED - Learning every 5 seconds
2026-04-10 12:55:05 +00:00: [VAULT] Loaded saved tokens from disk (legacy)
2026-04-10 12:55:05 +00:00: [INFO] LAMY Core Engine — standby mode.
2026-04-10 12:55:05 +00:00: [BRAIN] Loaded brain data. IQ: 112461 Gen: 10723
2026-04-10 12:55:05 +00:00: [LAMY] M3R-LAMY v3.0 Neural Brain initialized --- All systems active
2026-04-10 12:55:05 +00:00: [AUTO-TRADE] Mode restored from vault: ENABLED
2026-04-10 12:55:05 +00:00: [BRAIN DB] Loaded brain from database. IQ: 112461 Gen: 10723
2026-04-10 12:55:05 +00:00: [VAULT] PIN loaded from database
2026-04-10 12:55:06 +00:00: [BRAIN ENGINE] 24/7 Self-Improvement Engine STARTED - Learning every 5 seconds
2026-04-10 12:55:40 +00:00: [VAULT] Loaded saved tokens from disk (legacy)
2026-04-10 12:55:40 +00:00: [INFO] LAMY Core Engine — standby mode.
2026-04-10 12:55:40 +00:00: [BRAIN] Loaded brain data. IQ: 112463.4 Gen: 10723
2026-04-10 12:55:40 +00:00: [LAMY] M3R-LAMY v3.0 Neural Brain initialized --- All systems active
2026-04-10 12:55:40 +00:00: [AUTO-TRADE] Mode restored from vault: ENABLED
2026-04-10 12:55:40 +00:00: [BRAIN DB] Loaded brain from database. IQ: 112463.4 Gen: 10723
2026-04-10 12:55:40 +00:00: [VAULT] PIN loaded from database
2026-04-10 12:55:41 +00:00: [BRAIN ENGINE] 24/7 Self-Improvement Engine STARTED - Learning every 5 seconds
2026-04-10 13:00:06 +00:00: [VAULT] Loaded saved tokens from disk (legacy)
2026-04-10 13:00:06 +00:00: [INFO] LAMY Core Engine — standby mode.
2026-04-10 13:00:06 +00:00: [BRAIN] Loaded brain data. IQ: 112484 Gen: 10725
2026-04-10 13:00:06 +00:00: [LAMY] M3R-LAMY v3.0 Neural Brain initialized --- All systems active
2026-04-10 13:00:06 +00:00: [AUTO-TRADE] Mode restored from vault: ENABLED
2026-04-10 13:00:06 +00:00: [BRAIN DB] Loaded brain from database. IQ: 112484 Gen: 10725
2026-04-10 13:00:06 +00:00: [VAULT] PIN loaded from database
2026-04-10 13:00:07 +00:00: [BRAIN ENGINE] 24/7 Self-Improvement Engine STARTED - Learning every 5 seconds
2026-04-10 13:01:51 +00:00: [VAULT] Loaded saved tokens from disk (legacy)
2026-04-10 13:01:51 +00:00: [INFO] LAMY Core Engine — standby mode.
2026-04-10 13:01:51 +00:00: [BRAIN] Loaded brain data. IQ: 112491.4 Gen: 10726
2026-04-10 13:01:51 +00:00: [LAMY] M3R-LAMY v3.0 Neural Brain initialized --- All systems active
2026-04-10 13:01:51 +00:00: [AUTO-TRADE] Mode restored from vault: ENABLED
2026-04-10 13:01:52 +00:00: [BRAIN DB] Loaded brain from database. IQ: 112491.4 Gen: 10726
2026-04-10 13:01:52 +00:00: [VAULT] PIN loaded from database
2026-04-10 13:01:52 +00:00: [BRAIN ENGINE] 24/7 Self-Improvement Engine STARTED - Learning every 5 seconds
2026-04-10 13:04:20 +00:00: [VAULT] Loaded saved tokens from disk (legacy)
2026-04-10 13:04:20 +00:00: [INFO] LAMY Core Engine — standby mode.
2026-04-10 13:04:20 +00:00: [BRAIN] Loaded brain data. IQ: 112502.4 Gen: 10727
2026-04-10 13:04:20 +00:00: [LAMY] M3R-LAMY v3.0 Neural Brain initialized --- All systems active
2026-04-10 13:04:20 +00:00: [AUTO-TRADE] Mode restored from vault: ENABLED
2026-04-10 13:04:20 +00:00: [BRAIN DB] Loaded brain from database. IQ: 112502.4 Gen: 10727
2026-04-10 13:04:20 +00:00: [VAULT] PIN loaded from database
2026-04-10 13:04:21 +00:00: [BRAIN ENGINE] 24/7 Self-Improvement Engine STARTED - Learning every 5 seconds
2026-04-10 13:05:06 +00:00: [VAULT] Loaded saved tokens from disk (legacy)
2026-04-10 13:05:06 +00:00: [INFO] LAMY Core Engine — standby mode.
2026-04-10 13:05:06 +00:00: [BRAIN] Loaded brain data. IQ: 112506.6 Gen: 10728
2026-04-10 13:05:06 +00:00: [LAMY] M3R-LAMY v3.0 Neural Brain initialized --- All systems active
2026-04-10 13:05:06 +00:00: [AUTO-TRADE] Mode restored from vault: ENABLED
2026-04-10 13:05:06 +00:00: [VAULT] PIN loaded from database
2026-04-10 13:05:06 +00:00: [BRAIN DB] Loaded brain from database. IQ: 112506.6 Gen: 10728
2026-04-10 13:05:07 +00:00: [BRAIN ENGINE] 24/7 Self-Improvement Engine STARTED - Learning every 5 seconds
2026-04-10 13:07:19 +00:00: [VAULT] Loaded saved tokens from disk (legacy)
2026-04-10 13:07:19 +00:00: [INFO] LAMY Core Engine — standby mode.
2026-04-10 13:07:19 +00:00: [BRAIN] Loaded brain data. IQ: 112516.7 Gen: 10729
2026-04-10 13:07:19 +00:00: [LAMY] M3R-LAMY v3.0 Neural Brain initialized --- All systems active
2026-04-10 13:07:19 +00:00: [AUTO-TRADE] Mode restored from vault: ENABLED
2026-04-10 13:07:19 +00:00: [BRAIN DB] Loaded brain from database. IQ: 112516.7 Gen: 10729
2026-04-10 13:07:19 +00:00: [VAULT] PIN loaded from database
2026-04-10 13:07:20 +00:00: [BRAIN ENGINE] 24/7 Self-Improvement Engine STARTED - Learning every 5 seconds
