2026-04-14 04:37:21 +00:00: [DB] Unexpected pool error: error: terminating connection due to administrator command
2026-04-14 04:37:21 +00:00:     at parseErrorMessage (/root/m3r-autonomous-trading-oracle/node_modules/pg-protocol/src/parser.ts:394:9)
2026-04-14 04:37:21 +00:00:     at Parser.handlePacket (/root/m3r-autonomous-trading-oracle/node_modules/pg-protocol/src/parser.ts:212:19)
2026-04-14 04:37:21 +00:00:     at Parser.parse (/root/m3r-autonomous-trading-oracle/node_modules/pg-protocol/src/parser.ts:105:30)
2026-04-14 04:37:21 +00:00:     at Socket.<anonymous> (/root/m3r-autonomous-trading-oracle/node_modules/pg-protocol/src/index.ts:7:48)
2026-04-14 04:37:21 +00:00:     at Socket.emit (node:events:524:28)
2026-04-14 04:37:21 +00:00:     at addChunk (node:internal/streams/readable:561:12)
2026-04-14 04:37:21 +00:00:     at readableAddChunkPushByteMode (node:internal/streams/readable:512:3)
2026-04-14 04:37:21 +00:00:     at Readable.push (node:internal/streams/readable:392:5)
2026-04-14 04:37:21 +00:00:     at TCP.onStreamRead (node:internal/stream_base_commons:191:23) {
2026-04-14 04:37:21 +00:00:   length: 116,
2026-04-14 04:37:21 +00:00:   severity: 'FATAL',
2026-04-14 04:37:21 +00:00:   code: '57P01',
2026-04-14 04:37:21 +00:00:   detail: undefined,
2026-04-14 04:37:21 +00:00:   hint: undefined,
2026-04-14 04:37:21 +00:00:   position: undefined,
2026-04-14 04:37:21 +00:00:   internalPosition: undefined,
2026-04-14 04:37:21 +00:00:   internalQuery: undefined,
2026-04-14 04:37:21 +00:00:   where: undefined,
2026-04-14 04:37:21 +00:00:   schema: undefined,
2026-04-14 04:37:21 +00:00:   table: undefined,
2026-04-14 04:37:21 +00:00:   column: undefined,
2026-04-14 04:37:21 +00:00:   dataType: undefined,
2026-04-14 04:37:21 +00:00:   constraint: undefined,
2026-04-14 04:37:21 +00:00:   file: 'postgres.c',
2026-04-14 04:37:21 +00:00:   line: '3197',
2026-04-14 04:37:21 +00:00:   routine: 'ProcessInterrupts',
2026-04-14 04:37:21 +00:00:   client: Client {
2026-04-14 04:37:21 +00:00:     _events: [Object: null prototype] { error: [Function (anonymous)] },
2026-04-14 04:37:21 +00:00:     _eventsCount: 1,
2026-04-14 04:37:21 +00:00:     _maxListeners: undefined,
2026-04-14 04:37:21 +00:00:     connectionParameters: ConnectionParameters {
2026-04-14 04:37:21 +00:00:       user: 'm3r_user',
2026-04-14 04:37:21 +00:00:       database: 'm3r_trading',
2026-04-14 04:37:21 +00:00:       port: 5432,
2026-04-14 04:37:21 +00:00:       host: 'localhost',
2026-04-14 04:37:21 +00:00:       binary: false,
2026-04-14 04:37:21 +00:00:       options: undefined,
2026-04-14 04:37:21 +00:00:       ssl: false,
2026-04-14 04:37:21 +00:00:       client_encoding: '',
2026-04-14 04:37:21 +00:00:       replication: undefined,
2026-04-14 04:37:21 +00:00:       isDomainSocket: false,
2026-04-14 04:37:21 +00:00:       application_name: undefined,
2026-04-14 04:37:21 +00:00:       fallback_application_name: undefined,
2026-04-14 04:37:21 +00:00:       statement_timeout: false,
2026-04-14 04:37:21 +00:00:       lock_timeout: false,
2026-04-14 04:37:21 +00:00:       idle_in_transaction_session_timeout: false,
2026-04-14 04:37:21 +00:00:       query_timeout: false,
2026-04-14 04:37:21 +00:00:       connect_timeout: 0
2026-04-14 04:37:21 +00:00:     },
2026-04-14 04:37:21 +00:00:     user: 'm3r_user',
2026-04-14 04:37:21 +00:00:     database: 'm3r_trading',
2026-04-14 04:37:21 +00:00:     port: 5432,
2026-04-14 04:37:21 +00:00:     host: 'localhost',
2026-04-14 04:37:21 +00:00:     replication: undefined,
2026-04-14 04:37:21 +00:00:     _Promise: [Function: Promise],
2026-04-14 04:37:21 +00:00:     _types: TypeOverrides { _types: [Object], text: {}, binary: {} },
2026-04-14 04:37:21 +00:00:     _ending: true,
2026-04-14 04:37:21 +00:00:     _ended: false,
2026-04-14 04:37:21 +00:00:     _connecting: false,
2026-04-14 04:37:21 +00:00:     _connected: true,
2026-04-14 04:37:21 +00:00:     _connectionError: false,
2026-04-14 04:37:21 +00:00:     _queryable: false,
2026-04-14 04:37:21 +00:00:     _activeQuery: null,
2026-04-14 04:37:21 +00:00:     enableChannelBinding: false,
2026-04-14 04:37:21 +00:00:     connection: Connection {
2026-04-14 04:37:21 +00:00:       _events: [Object: null prototype],
2026-04-14 04:37:21 +00:00:       _eventsCount: 23,
2026-04-14 04:37:21 +00:00:       _maxListeners: undefined,
2026-04-14 04:37:21 +00:00:       stream: [Socket],
2026-04-14 04:37:21 +00:00:       _keepAlive: false,
2026-04-14 04:37:21 +00:00:       _keepAliveInitialDelayMillis: 0,
2026-04-14 04:37:21 +00:00:       parsedStatements: {},
2026-04-14 04:37:21 +00:00:       ssl: false,
2026-04-14 04:37:21 +00:00:       _ending: true,
2026-04-14 04:37:21 +00:00:       _emitMessage: false,
2026-04-14 04:37:21 +00:00:       _connecting: true,
2026-04-14 04:37:21 +00:00:       [Symbol(shapeMode)]: false,
2026-04-14 04:37:21 +00:00:       [Symbol(kCapture)]: false
2026-04-14 04:37:21 +00:00:     },
2026-04-14 04:37:21 +00:00:     _queryQueue: [],
2026-04-14 04:37:21 +00:00:     binary: false,
2026-04-14 04:37:21 +00:00:     processID: 2904895,
2026-04-14 04:37:21 +00:00:     secretKey: 1276266115,
2026-04-14 04:37:21 +00:00:     ssl: false,
2026-04-14 04:37:21 +00:00:     _connectionTimeoutMillis: 0,
2026-04-14 04:37:21 +00:00:     _connectionCallback: null,
2026-04-14 04:37:21 +00:00:     saslSession: null,
2026-04-14 04:37:21 +00:00:     release: [Function (anonymous)],
2026-04-14 04:37:21 +00:00:     readyForQuery: true,
2026-04-14 04:37:21 +00:00:     hasExecuted: true,
2026-04-14 04:37:21 +00:00:     _poolUseCount: 1,
2026-04-14 04:37:21 +00:00:     [Symbol(shapeMode)]: false,
2026-04-14 04:37:21 +00:00:     [Symbol(kCapture)]: false
2026-04-14 04:37:21 +00:00:   }
2026-04-14 04:37:21 +00:00: }
2026-04-14 04:37:21 +00:00: [DB] Unexpected pool error: error: terminating connection due to administrator command
2026-04-14 04:37:21 +00:00:     at parseErrorMessage (/root/m3r-autonomous-trading-oracle/node_modules/pg-protocol/src/parser.ts:394:9)
2026-04-14 04:37:21 +00:00:     at Parser.handlePacket (/root/m3r-autonomous-trading-oracle/node_modules/pg-protocol/src/parser.ts:212:19)
2026-04-14 04:37:21 +00:00:     at Parser.parse (/root/m3r-autonomous-trading-oracle/node_modules/pg-protocol/src/parser.ts:105:30)
2026-04-14 04:37:21 +00:00:     at Socket.<anonymous> (/root/m3r-autonomous-trading-oracle/node_modules/pg-protocol/src/index.ts:7:48)
2026-04-14 04:37:21 +00:00:     at Socket.emit (node:events:524:28)
2026-04-14 04:37:21 +00:00:     at addChunk (node:internal/streams/readable:561:12)
2026-04-14 04:37:21 +00:00:     at readableAddChunkPushByteMode (node:internal/streams/readable:512:3)
2026-04-14 04:37:21 +00:00:     at Readable.push (node:internal/streams/readable:392:5)
2026-04-14 04:37:21 +00:00:     at TCP.onStreamRead (node:internal/stream_base_commons:191:23) {
2026-04-14 04:37:21 +00:00:   length: 116,
2026-04-14 04:37:21 +00:00:   severity: 'FATAL',
2026-04-14 04:37:21 +00:00:   code: '57P01',
2026-04-14 04:37:21 +00:00:   detail: undefined,
2026-04-14 04:37:21 +00:00:   hint: undefined,
2026-04-14 04:37:21 +00:00:   position: undefined,
2026-04-14 04:37:21 +00:00:   internalPosition: undefined,
2026-04-14 04:37:21 +00:00:   internalQuery: undefined,
2026-04-14 04:37:21 +00:00:   where: undefined,
2026-04-14 04:37:21 +00:00:   schema: undefined,
2026-04-14 04:37:21 +00:00:   table: undefined,
2026-04-14 04:37:21 +00:00:   column: undefined,
2026-04-14 04:37:21 +00:00:   dataType: undefined,
2026-04-14 04:37:21 +00:00:   constraint: undefined,
2026-04-14 04:37:21 +00:00:   file: 'postgres.c',
2026-04-14 04:37:21 +00:00:   line: '3197',
2026-04-14 04:37:21 +00:00:   routine: 'ProcessInterrupts',
2026-04-14 04:37:21 +00:00:   client: Client {
2026-04-14 04:37:21 +00:00:     _events: [Object: null prototype] { error: [Function (anonymous)] },
2026-04-14 04:37:21 +00:00:     _eventsCount: 1,
2026-04-14 04:37:21 +00:00:     _maxListeners: undefined,
2026-04-14 04:37:21 +00:00:     connectionParameters: ConnectionParameters {
2026-04-14 04:37:21 +00:00:       user: 'm3r_user',
2026-04-14 04:37:21 +00:00:       database: 'm3r_trading',
2026-04-14 04:37:21 +00:00:       port: 5432,
2026-04-14 04:37:21 +00:00:       host: 'localhost',
2026-04-14 04:37:21 +00:00:       binary: false,
2026-04-14 04:37:21 +00:00:       options: undefined,
2026-04-14 04:37:21 +00:00:       ssl: false,
2026-04-14 04:37:21 +00:00:       client_encoding: '',
2026-04-14 04:37:21 +00:00:       replication: undefined,
2026-04-14 04:37:21 +00:00:       isDomainSocket: false,
2026-04-14 04:37:21 +00:00:       application_name: undefined,
2026-04-14 04:37:21 +00:00:       fallback_application_name: undefined,
2026-04-14 04:37:21 +00:00:       statement_timeout: false,
2026-04-14 04:37:21 +00:00:       lock_timeout: false,
2026-04-14 04:37:21 +00:00:       idle_in_transaction_session_timeout: false,
2026-04-14 04:37:21 +00:00:       query_timeout: false,
2026-04-14 04:37:21 +00:00:       connect_timeout: 0
2026-04-14 04:37:21 +00:00:     },
2026-04-14 04:37:21 +00:00:     user: 'm3r_user',
2026-04-14 04:37:21 +00:00:     database: 'm3r_trading',
2026-04-14 04:37:21 +00:00:     port: 5432,
2026-04-14 04:37:21 +00:00:     host: 'localhost',
2026-04-14 04:37:21 +00:00:     replication: undefined,
2026-04-14 04:37:21 +00:00:     _Promise: [Function: Promise],
2026-04-14 04:37:21 +00:00:     _types: TypeOverrides { _types: [Object], text: {}, binary: {} },
2026-04-14 04:37:21 +00:00:     _ending: true,
2026-04-14 04:37:21 +00:00:     _ended: false,
2026-04-14 04:37:21 +00:00:     _connecting: false,
2026-04-14 04:37:21 +00:00:     _connected: true,
2026-04-14 04:37:21 +00:00:     _connectionError: false,
2026-04-14 04:37:21 +00:00:     _queryable: false,
2026-04-14 04:37:21 +00:00:     _activeQuery: null,
2026-04-14 04:37:21 +00:00:     enableChannelBinding: false,
2026-04-14 04:37:21 +00:00:     connection: Connection {
2026-04-14 04:37:21 +00:00:       _events: [Object: null prototype],
2026-04-14 04:37:21 +00:00:       _eventsCount: 23,
2026-04-14 04:37:21 +00:00:       _maxListeners: undefined,
2026-04-14 04:37:21 +00:00:       stream: [Socket],
2026-04-14 04:37:21 +00:00:       _keepAlive: false,
2026-04-14 04:37:21 +00:00:       _keepAliveInitialDelayMillis: 0,
2026-04-14 04:37:21 +00:00:       parsedStatements: {},
2026-04-14 04:37:21 +00:00:       ssl: false,
2026-04-14 04:37:21 +00:00:       _ending: false,
2026-04-14 04:37:21 +00:00:       _emitMessage: false,
2026-04-14 04:37:21 +00:00:       _connecting: true,
2026-04-14 04:37:21 +00:00:       [Symbol(shapeMode)]: false,
2026-04-14 04:37:21 +00:00:       [Symbol(kCapture)]: false
2026-04-14 04:37:21 +00:00:     },
2026-04-14 04:37:21 +00:00:     _queryQueue: [],
2026-04-14 04:37:21 +00:00:     binary: false,
2026-04-14 04:37:21 +00:00:     processID: 2904893,
2026-04-14 04:37:21 +00:00:     secretKey: 689948450,
2026-04-14 04:37:21 +00:00:     ssl: false,
2026-04-14 04:37:21 +00:00:     _connectionTimeoutMillis: 0,
2026-04-14 04:37:21 +00:00:     _connectionCallback: null,
2026-04-14 04:37:21 +00:00:     saslSession: null,
2026-04-14 04:37:21 +00:00:     release: [Function (anonymous)],
2026-04-14 04:37:21 +00:00:     readyForQuery: true,
2026-04-14 04:37:21 +00:00:     hasExecuted: true,
2026-04-14 04:37:21 +00:00:     _poolUseCount: 4,
2026-04-14 04:37:21 +00:00:     [Symbol(shapeMode)]: false,
2026-04-14 04:37:21 +00:00:     [Symbol(kCapture)]: false
2026-04-14 04:37:21 +00:00:   }
2026-04-14 04:37:21 +00:00: }
2026-04-14 04:37:21 +00:00: [DB] Unexpected pool error: error: terminating connection due to administrator command
2026-04-14 04:37:21 +00:00:     at parseErrorMessage (/root/m3r-autonomous-trading-oracle/node_modules/pg-protocol/src/parser.ts:394:9)
2026-04-14 04:37:21 +00:00:     at Parser.handlePacket (/root/m3r-autonomous-trading-oracle/node_modules/pg-protocol/src/parser.ts:212:19)
2026-04-14 04:37:21 +00:00:     at Parser.parse (/root/m3r-autonomous-trading-oracle/node_modules/pg-protocol/src/parser.ts:105:30)
2026-04-14 04:37:21 +00:00:     at Socket.<anonymous> (/root/m3r-autonomous-trading-oracle/node_modules/pg-protocol/src/index.ts:7:48)
2026-04-14 04:37:21 +00:00:     at Socket.emit (node:events:524:28)
2026-04-14 04:37:21 +00:00:     at addChunk (node:internal/streams/readable:561:12)
2026-04-14 04:37:21 +00:00:     at readableAddChunkPushByteMode (node:internal/streams/readable:512:3)
2026-04-14 04:37:21 +00:00:     at Readable.push (node:internal/streams/readable:392:5)
2026-04-14 04:37:21 +00:00:     at TCP.onStreamRead (node:internal/stream_base_commons:191:23) {
2026-04-14 04:37:21 +00:00:   length: 116,
2026-04-14 04:37:21 +00:00:   severity: 'FATAL',
2026-04-14 04:37:21 +00:00:   code: '57P01',
2026-04-14 04:37:21 +00:00:   detail: undefined,
2026-04-14 04:37:21 +00:00:   hint: undefined,
2026-04-14 04:37:21 +00:00:   position: undefined,
2026-04-14 04:37:21 +00:00:   internalPosition: undefined,
2026-04-14 04:37:21 +00:00:   internalQuery: undefined,
2026-04-14 04:37:21 +00:00:   where: undefined,
2026-04-14 04:37:21 +00:00:   schema: undefined,
2026-04-14 04:37:21 +00:00:   table: undefined,
2026-04-14 04:37:21 +00:00:   column: undefined,
2026-04-14 04:37:21 +00:00:   dataType: undefined,
2026-04-14 04:37:21 +00:00:   constraint: undefined,
2026-04-14 04:37:21 +00:00:   file: 'postgres.c',
2026-04-14 04:37:21 +00:00:   line: '3197',
2026-04-14 04:37:21 +00:00:   routine: 'ProcessInterrupts',
2026-04-14 04:37:21 +00:00:   client: Client {
2026-04-14 04:37:21 +00:00:     _events: [Object: null prototype] { error: [Function (anonymous)] },
2026-04-14 04:37:21 +00:00:     _eventsCount: 1,
2026-04-14 04:37:21 +00:00:     _maxListeners: undefined,
2026-04-14 04:37:21 +00:00:     connectionParameters: ConnectionParameters {
2026-04-14 04:37:21 +00:00:       user: 'm3r_user',
2026-04-14 04:37:21 +00:00:       database: 'm3r_trading',
2026-04-14 04:37:21 +00:00:       port: 5432,
2026-04-14 04:37:21 +00:00:       host: 'localhost',
2026-04-14 04:37:21 +00:00:       binary: false,
2026-04-14 04:37:21 +00:00:       options: undefined,
2026-04-14 04:37:21 +00:00:       ssl: false,
2026-04-14 04:37:21 +00:00:       client_encoding: '',
2026-04-14 04:37:21 +00:00:       replication: undefined,
2026-04-14 04:37:21 +00:00:       isDomainSocket: false,
2026-04-14 04:37:21 +00:00:       application_name: undefined,
2026-04-14 04:37:21 +00:00:       fallback_application_name: undefined,
2026-04-14 04:37:21 +00:00:       statement_timeout: false,
2026-04-14 04:37:21 +00:00:       lock_timeout: false,
2026-04-14 04:37:21 +00:00:       idle_in_transaction_session_timeout: false,
2026-04-14 04:37:21 +00:00:       query_timeout: false,
2026-04-14 04:37:21 +00:00:       connect_timeout: 0
2026-04-14 04:37:21 +00:00:     },
2026-04-14 04:37:21 +00:00:     user: 'm3r_user',
2026-04-14 04:37:21 +00:00:     database: 'm3r_trading',
2026-04-14 04:37:21 +00:00:     port: 5432,
2026-04-14 04:37:21 +00:00:     host: 'localhost',
2026-04-14 04:37:21 +00:00:     replication: undefined,
2026-04-14 04:37:21 +00:00:     _Promise: [Function: Promise],
2026-04-14 04:37:21 +00:00:     _types: TypeOverrides { _types: [Object], text: {}, binary: {} },
2026-04-14 04:37:21 +00:00:     _ending: true,
2026-04-14 04:37:21 +00:00:     _ended: false,
2026-04-14 04:37:21 +00:00:     _connecting: false,
2026-04-14 04:37:21 +00:00:     _connected: true,
2026-04-14 04:37:21 +00:00:     _connectionError: false,
2026-04-14 04:37:21 +00:00:     _queryable: false,
2026-04-14 04:37:21 +00:00:     _activeQuery: null,
2026-04-14 04:37:21 +00:00:     enableChannelBinding: false,
2026-04-14 04:37:21 +00:00:     connection: Connection {
2026-04-14 04:37:21 +00:00:       _events: [Object: null prototype],
2026-04-14 04:37:21 +00:00:       _eventsCount: 23,
2026-04-14 04:37:21 +00:00:       _maxListeners: undefined,
2026-04-14 04:37:21 +00:00:       stream: [Socket],
2026-04-14 04:37:21 +00:00:       _keepAlive: false,
2026-04-14 04:37:21 +00:00:       _keepAliveInitialDelayMillis: 0,
2026-04-14 04:37:21 +00:00:       parsedStatements: {},
2026-04-14 04:37:21 +00:00:       ssl: false,
2026-04-14 04:37:21 +00:00:       _ending: false,
2026-04-14 04:37:21 +00:00:       _emitMessage: false,
2026-04-14 04:37:21 +00:00:       _connecting: true,
2026-04-14 04:37:21 +00:00:       [Symbol(shapeMode)]: false,
2026-04-14 04:37:21 +00:00:       [Symbol(kCapture)]: false
2026-04-14 04:37:21 +00:00:     },
2026-04-14 04:37:21 +00:00:     _queryQueue: [],
2026-04-14 04:37:21 +00:00:     binary: false,
2026-04-14 04:37:21 +00:00:     processID: 2904894,
2026-04-14 04:37:21 +00:00:     secretKey: -873979073,
2026-04-14 04:37:21 +00:00:     ssl: false,
2026-04-14 04:37:21 +00:00:     _connectionTimeoutMillis: 0,
2026-04-14 04:37:21 +00:00:     _connectionCallback: null,
2026-04-14 04:37:21 +00:00:     saslSession: null,
2026-04-14 04:37:21 +00:00:     release: [Function (anonymous)],
2026-04-14 04:37:21 +00:00:     readyForQuery: true,
2026-04-14 04:37:21 +00:00:     hasExecuted: true,
2026-04-14 04:37:21 +00:00:     _poolUseCount: 1,
2026-04-14 04:37:21 +00:00:     [Symbol(shapeMode)]: false,
2026-04-14 04:37:21 +00:00:     [Symbol(kCapture)]: false
2026-04-14 04:37:21 +00:00:   }
2026-04-14 04:37:21 +00:00: }
